<?xml version="1.0" encoding="UTF-8"?>
<testsuite name="TestSuite" time="277.475" tests="15" errors="0" skipped="0" failures="0">
  <properties>
[...]
</properties>
  <testcase name="loginTest" classname="testSuiteA.IdeTest" time="6.667"/>
  <testcase name="addFImpTest" classname="testSuiteA.IdeTest" time="14.821"/>
  <testcase name="addWebhookTest" classname="testSuiteA.IdeTest" time="14.037"/>
  <testcase name="assignDevTest" classname="testSuiteA.IdeTest" time="13.437"/>
  <testcase name="changeFWTest" classname="testSuiteA.IdeTest" time="26.452"/>
  <testcase name="checkDevTagTest" classname="testSuiteA.IdeTest" time="16.221"/>
  <testcase name="deleteDevTest" classname="testSuiteA.IdeTest" time="14.677"/>
  <testcase name="deleteFImpTest" classname="testSuiteA.IdeTest" time="14.917"/>
  <testcase name="opsDeployTest" classname="testSuiteA.IdeTest" time="25.21"/>
  <testcase name="rmBondTest" classname="testSuiteA.IdeTest" time="14.162"/>
  <testcase name="rmWebhookTest" classname="testSuiteA.IdeTest" time="13.222"/>
  <testcase name="searchTest" classname="testSuiteA.IdeTest" time="26.247"/>
  <testcase name="updateActiveModTest" classname="testSuiteA.IdeTest" time="47.482"/>
  <testcase name="updateOtherModTest" classname="testSuiteA.IdeTest" time="29.532"/>
  <testcase name="agentEndponitTest" classname="testSuiteA.restApiTest" time="0.391"/>
</testsuite>