<?xml version="1.0" encoding="UTF-8"?>
<testsuite name="TestSuite" time="174.351" tests="13" errors="0" skipped="0" failures="1">
  <properties>
[...]
</properties>
  <testcase name="loginTest" classname="testSuiteA.IdeTest" time="4.435"/>
  <testcase name="addFImpTest" classname="testSuiteA.IdeTest" time="5.46"/>
  <testcase name="addWebhookTest" classname="testSuiteA.IdeTest" time="14.589"/>
  <testcase name="assignDevTest" classname="testSuiteA.IdeTest" time="12.422"/>
  <testcase name="changeFWTest" classname="testSuiteA.IdeTest" time="16.585"/>
  <testcase name="deleteDevTest" classname="testSuiteA.IdeTest" time="11.055"/>
  <testcase name="deleteFImpTest" classname="testSuiteA.IdeTest" time="6.571">
    <failure message="expected:&lt;true&gt; but was:&lt;false&gt;" type="java.lang.AssertionError"><![CDATA[java.lang.AssertionError: expected:<true> but was:<false>
	at org.testng.Assert.fail(Assert.java:89)
	at org.testng.Assert.failNotEquals(Assert.java:489)
	at org.testng.Assert.assertTrue(Assert.java:37)
	at org.testng.Assert.assertTrue(Assert.java:47)
	at testSuiteA.IdeTest.deleteFImpTest(IdeTest.java:370)
]]></failure>
    <system-out><![CDATA[29/12/2013 12:35:17 Logger DEBUG: Entering deleteFIMpTest()
29/12/2013 12:35:19 org.apache.http.impl.conn.tsccm.ThreadSafeClientConnManager Get connection: {}->http://localhost:6629, timeout = 120000
29/12/2013 12:35:19 org.apache.http.impl.conn.tsccm.ConnPoolByRoute [{}->http://localhost:6629] total kept alive: 0, total issued: 0, total allocated: 0 out of 2000
29/12/2013 12:35:19 org.apache.http.impl.conn.tsccm.ConnPoolByRoute No free connections [{}->http://localhost:6629][null]
29/12/2013 12:35:19 org.apache.http.impl.conn.tsccm.ConnPoolByRoute Available capacity: 2000 out of 2000 [{}->http://localhost:6629][null]
29/12/2013 12:35:19 org.apache.http.impl.conn.tsccm.ConnPoolByRoute Creating new connection [{}->http://localhost:6629]
29/12/2013 12:35:19 org.apache.http.impl.conn.DefaultClientConnectionOperator Connecting to localhost:6629
29/12/2013 12:35:19 org.apache.http.client.protocol.RequestAddCookies CookieSpec selected: best-match
29/12/2013 12:35:19 org.apache.http.client.protocol.RequestAuthCache Auth cache not set in the context
29/12/2013 12:35:19 org.apache.http.client.protocol.RequestTargetAuthentication Target auth state: UNCHALLENGED
29/12/2013 12:35:19 org.apache.http.client.protocol.RequestProxyAuthentication Proxy auth state: UNCHALLENGED
29/12/2013 12:35:19 org.apache.http.impl.client.DefaultHttpClient Attempt 1 to execute request
29/12/2013 12:35:19 org.apache.http.impl.conn.DefaultClientConnection Sending request: GET /session/b31d4ab427a8e7b646ad6ee3b81fcc2d/title HTTP/1.1
29/12/2013 12:35:19 org.apache.http.wire  >> "GET /session/b31d4ab427a8e7b646ad6ee3b81fcc2d/title HTTP/1.1[\r][\n]"
29/12/2013 12:35:19 org.apache.http.wire  >> "Accept: application/json, image/png[\r][\n]"
29/12/2013 12:35:19 org.apache.http.wire  >> "Cache-Control: no-cache[\r][\n]"
29/12/2013 12:35:19 org.apache.http.wire  >> "Host: localhost:6629[\r][\n]"
29/12/2013 12:35:19 org.apache.http.wire  >> "Connection: Keep-Alive[\r][\n]"
29/12/2013 12:35:19 org.apache.http.wire  >> "[\r][\n]"
29/12/2013 12:35:19 org.apache.http.headers >> GET /session/b31d4ab427a8e7b646ad6ee3b81fcc2d/title HTTP/1.1
29/12/2013 12:35:19 org.apache.http.headers >> Accept: application/json, image/png
29/12/2013 12:35:19 org.apache.http.headers >> Cache-Control: no-cache
29/12/2013 12:35:19 org.apache.http.headers >> Host: localhost:6629
29/12/2013 12:35:19 org.apache.http.headers >> Connection: Keep-Alive
29/12/2013 12:35:19 org.apache.http.wire  << "HTTP/1.1 200 OK[\r][\n]"
29/12/2013 12:35:19 org.apache.http.wire  << "Content-Length:88[\r][\n]"
29/12/2013 12:35:19 org.apache.http.wire  << "Content-Type:application/json; charset=utf-8[\r][\n]"
29/12/2013 12:35:19 org.apache.http.wire  << "Connection:close[\r][\n]"
29/12/2013 12:35:19 org.apache.http.wire  << "[\r][\n]"
29/12/2013 12:35:19 org.apache.http.impl.conn.DefaultClientConnection Receiving response: HTTP/1.1 200 OK
29/12/2013 12:35:19 org.apache.http.headers << HTTP/1.1 200 OK
29/12/2013 12:35:19 org.apache.http.headers << Content-Length:88
29/12/2013 12:35:19 org.apache.http.headers << Content-Type:application/json; charset=utf-8
29/12/2013 12:35:19 org.apache.http.headers << Connection:close
29/12/2013 12:35:19 org.apache.http.wire  << "{"sessionId":"b31d4ab427a8e7b646ad6ee3b81fcc2d","status":0,"value":"Electric Imp - IDE"}"
29/12/2013 12:35:19 org.apache.http.impl.conn.DefaultClientConnection Connection 0.0.0.0:49186<->127.0.0.1:6629 shut down
29/12/2013 12:35:19 org.apache.http.impl.conn.tsccm.ThreadSafeClientConnManager Released connection is not reusable.
29/12/2013 12:35:19 org.apache.http.impl.conn.tsccm.ConnPoolByRoute Releasing connection [{}->http://localhost:6629][null]
29/12/2013 12:35:19 org.apache.http.impl.conn.DefaultClientConnection Connection 0.0.0.0:49186<->127.0.0.1:6629 closed
29/12/2013 12:35:19 org.apache.http.impl.conn.tsccm.ConnPoolByRoute Notifying no-one, there are no waiting threads
29/12/2013 12:35:20 org.apache.http.impl.conn.tsccm.ThreadSafeClientConnManager Get connection: {}->http://localhost:6629, timeout = 120000
29/12/2013 12:35:20 org.apache.http.impl.conn.tsccm.ConnPoolByRoute [{}->http://localhost:6629] total kept alive: 0, total issued: 0, total allocated: 0 out of 2000
29/12/2013 12:35:20 org.apache.http.impl.conn.tsccm.ConnPoolByRoute No free connections [{}->http://localhost:6629][null]
29/12/2013 12:35:20 org.apache.http.impl.conn.tsccm.ConnPoolByRoute Available capacity: 2000 out of 2000 [{}->http://localhost:6629][null]
29/12/2013 12:35:20 org.apache.http.impl.conn.tsccm.ConnPoolByRoute Creating new connection [{}->http://localhost:6629]
29/12/2013 12:35:20 org.apache.http.impl.conn.DefaultClientConnectionOperator Connecting to localhost:6629
29/12/2013 12:35:20 org.apache.http.client.protocol.RequestAddCookies CookieSpec selected: best-match
29/12/2013 12:35:20 org.apache.http.client.protocol.RequestAuthCache Auth cache not set in the context
29/12/2013 12:35:20 org.apache.http.client.protocol.RequestTargetAuthentication Target auth state: UNCHALLENGED
29/12/2013 12:35:20 org.apache.http.client.protocol.RequestProxyAuthentication Proxy auth state: UNCHALLENGED
29/12/2013 12:35:20 org.apache.http.impl.client.DefaultHttpClient Attempt 1 to execute request
29/12/2013 12:35:20 org.apache.http.impl.conn.DefaultClientConnection Sending request: POST /session/b31d4ab427a8e7b646ad6ee3b81fcc2d/refresh HTTP/1.1
29/12/2013 12:35:20 org.apache.http.wire  >> "POST /session/b31d4ab427a8e7b646ad6ee3b81fcc2d/refresh HTTP/1.1[\r][\n]"
29/12/2013 12:35:20 org.apache.http.wire  >> "Accept: application/json, image/png[\r][\n]"
29/12/2013 12:35:20 org.apache.http.wire  >> "Content-Type: application/json; charset=utf-8[\r][\n]"
29/12/2013 12:35:20 org.apache.http.wire  >> "Content-Length: 2[\r][\n]"
29/12/2013 12:35:20 org.apache.http.wire  >> "Host: localhost:6629[\r][\n]"
29/12/2013 12:35:20 org.apache.http.wire  >> "Connection: Keep-Alive[\r][\n]"
29/12/2013 12:35:20 org.apache.http.wire  >> "[\r][\n]"
29/12/2013 12:35:20 org.apache.http.headers >> POST /session/b31d4ab427a8e7b646ad6ee3b81fcc2d/refresh HTTP/1.1
29/12/2013 12:35:20 org.apache.http.headers >> Accept: application/json, image/png
29/12/2013 12:35:20 org.apache.http.headers >> Content-Type: application/json; charset=utf-8
29/12/2013 12:35:20 org.apache.http.headers >> Content-Length: 2
29/12/2013 12:35:20 org.apache.http.headers >> Host: localhost:6629
29/12/2013 12:35:20 org.apache.http.headers >> Connection: Keep-Alive
29/12/2013 12:35:20 org.apache.http.wire  >> "{}"
29/12/2013 12:35:20 org.apache.http.wire  << "HTTP/1.1 200 OK[\r][\n]"
29/12/2013 12:35:20 org.apache.http.wire  << "Content-Length:72[\r][\n]"
29/12/2013 12:35:20 org.apache.http.wire  << "Content-Type:application/json; charset=utf-8[\r][\n]"
29/12/2013 12:35:20 org.apache.http.wire  << "Connection:close[\r][\n]"
29/12/2013 12:35:20 org.apache.http.wire  << "[\r][\n]"
29/12/2013 12:35:20 org.apache.http.impl.conn.DefaultClientConnection Receiving response: HTTP/1.1 200 OK
29/12/2013 12:35:20 org.apache.http.headers << HTTP/1.1 200 OK
29/12/2013 12:35:20 org.apache.http.headers << Content-Length:72
29/12/2013 12:35:20 org.apache.http.headers << Content-Type:application/json; charset=utf-8
29/12/2013 12:35:20 org.apache.http.headers << Connection:close
29/12/2013 12:35:20 org.apache.http.wire  << "{"sessionId":"b31d4ab427a8e7b646ad6ee3b81fcc2d","status":0,"value":null}"
29/12/2013 12:35:20 org.apache.http.impl.conn.DefaultClientConnection Connection 0.0.0.0:49187<->127.0.0.1:6629 shut down
29/12/2013 12:35:20 org.apache.http.impl.conn.tsccm.ThreadSafeClientConnManager Released connection is not reusable.
29/12/2013 12:35:20 org.apache.http.impl.conn.tsccm.ConnPoolByRoute Releasing connection [{}->http://localhost:6629][null]
29/12/2013 12:35:20 org.apache.http.impl.conn.DefaultClientConnection Connection 0.0.0.0:49187<->127.0.0.1:6629 closed
29/12/2013 12:35:20 org.apache.http.impl.conn.tsccm.ConnPoolByRoute Notifying no-one, there are no waiting threads
29/12/2013 12:35:20 org.apache.http.impl.conn.tsccm.ThreadSafeClientConnManager Get connection: {}->http://localhost:6629, timeout = 120000
29/12/2013 12:35:20 org.apache.http.impl.conn.tsccm.ConnPoolByRoute [{}->http://localhost:6629] total kept alive: 0, total issued: 0, total allocated: 0 out of 2000
29/12/2013 12:35:20 org.apache.http.impl.conn.tsccm.ConnPoolByRoute No free connections [{}->http://localhost:6629][null]
29/12/2013 12:35:20 org.apache.http.impl.conn.tsccm.ConnPoolByRoute Available capacity: 2000 out of 2000 [{}->http://localhost:6629][null]
29/12/2013 12:35:20 org.apache.http.impl.conn.tsccm.ConnPoolByRoute Creating new connection [{}->http://localhost:6629]
29/12/2013 12:35:20 org.apache.http.impl.conn.DefaultClientConnectionOperator Connecting to localhost:6629
29/12/2013 12:35:20 org.apache.http.client.protocol.RequestAddCookies CookieSpec selected: best-match
29/12/2013 12:35:20 org.apache.http.client.protocol.RequestAuthCache Auth cache not set in the context
29/12/2013 12:35:20 org.apache.http.client.protocol.RequestTargetAuthentication Target auth state: UNCHALLENGED
29/12/2013 12:35:20 org.apache.http.client.protocol.RequestProxyAuthentication Proxy auth state: UNCHALLENGED
29/12/2013 12:35:20 org.apache.http.impl.client.DefaultHttpClient Attempt 1 to execute request
29/12/2013 12:35:20 org.apache.http.impl.conn.DefaultClientConnection Sending request: POST /session/b31d4ab427a8e7b646ad6ee3b81fcc2d/element HTTP/1.1
29/12/2013 12:35:20 org.apache.http.wire  >> "POST /session/b31d4ab427a8e7b646ad6ee3b81fcc2d/element HTTP/1.1[\r][\n]"
29/12/2013 12:35:20 org.apache.http.wire  >> "Accept: application/json, image/png[\r][\n]"
29/12/2013 12:35:20 org.apache.http.wire  >> "Content-Type: application/json; charset=utf-8[\r][\n]"
29/12/2013 12:35:20 org.apache.http.wire  >> "Content-Length: 45[\r][\n]"
29/12/2013 12:35:20 org.apache.http.wire  >> "Host: localhost:6629[\r][\n]"
29/12/2013 12:35:20 org.apache.http.wire  >> "Connection: Keep-Alive[\r][\n]"
29/12/2013 12:35:20 org.apache.http.wire  >> "[\r][\n]"
29/12/2013 12:35:20 org.apache.http.headers >> POST /session/b31d4ab427a8e7b646ad6ee3b81fcc2d/element HTTP/1.1
29/12/2013 12:35:20 org.apache.http.headers >> Accept: application/json, image/png
29/12/2013 12:35:20 org.apache.http.headers >> Content-Type: application/json; charset=utf-8
29/12/2013 12:35:20 org.apache.http.headers >> Content-Length: 45
29/12/2013 12:35:20 org.apache.http.headers >> Host: localhost:6629
29/12/2013 12:35:20 org.apache.http.headers >> Connection: Keep-Alive
29/12/2013 12:35:20 org.apache.http.wire  >> "{"using":"xpath","value":"//a[@href='/ops']"}"
29/12/2013 12:35:20 org.apache.http.wire  << "HTTP/1.1 200 OK[\r][\n]"
29/12/2013 12:35:20 org.apache.http.wire  << "Content-Length:103[\r][\n]"
29/12/2013 12:35:20 org.apache.http.wire  << "Content-Type:application/json; charset=utf-8[\r][\n]"
29/12/2013 12:35:20 org.apache.http.wire  << "Connection:close[\r][\n]"
29/12/2013 12:35:20 org.apache.http.wire  << "[\r][\n]"
29/12/2013 12:35:20 org.apache.http.impl.conn.DefaultClientConnection Receiving response: HTTP/1.1 200 OK
29/12/2013 12:35:20 org.apache.http.headers << HTTP/1.1 200 OK
29/12/2013 12:35:20 org.apache.http.headers << Content-Length:103
29/12/2013 12:35:20 org.apache.http.headers << Content-Type:application/json; charset=utf-8
29/12/2013 12:35:20 org.apache.http.headers << Connection:close
29/12/2013 12:35:20 org.apache.http.wire  << "{"sessionId":"b31d4ab427a8e7b646ad6ee3b81fcc2d","status":0,"value":{"ELEMENT":"0.43827101308852434-1"}}"
29/12/2013 12:35:20 org.apache.http.impl.conn.DefaultClientConnection Connection 0.0.0.0:49188<->127.0.0.1:6629 shut down
29/12/2013 12:35:20 org.apache.http.impl.conn.tsccm.ThreadSafeClientConnManager Released connection is not reusable.
29/12/2013 12:35:20 org.apache.http.impl.conn.tsccm.ConnPoolByRoute Releasing connection [{}->http://localhost:6629][null]
29/12/2013 12:35:20 org.apache.http.impl.conn.DefaultClientConnection Connection 0.0.0.0:49188<->127.0.0.1:6629 closed
29/12/2013 12:35:20 org.apache.http.impl.conn.tsccm.ConnPoolByRoute Notifying no-one, there are no waiting threads
29/12/2013 12:35:20 org.apache.http.impl.conn.tsccm.ThreadSafeClientConnManager Get connection: {}->http://localhost:6629, timeout = 120000
29/12/2013 12:35:20 org.apache.http.impl.conn.tsccm.ConnPoolByRoute [{}->http://localhost:6629] total kept alive: 0, total issued: 0, total allocated: 0 out of 2000
29/12/2013 12:35:20 org.apache.http.impl.conn.tsccm.ConnPoolByRoute No free connections [{}->http://localhost:6629][null]
29/12/2013 12:35:20 org.apache.http.impl.conn.tsccm.ConnPoolByRoute Available capacity: 2000 out of 2000 [{}->http://localhost:6629][null]
29/12/2013 12:35:20 org.apache.http.impl.conn.tsccm.ConnPoolByRoute Creating new connection [{}->http://localhost:6629]
29/12/2013 12:35:20 org.apache.http.impl.conn.DefaultClientConnectionOperator Connecting to localhost:6629
29/12/2013 12:35:20 org.apache.http.client.protocol.RequestAddCookies CookieSpec selected: best-match
29/12/2013 12:35:20 org.apache.http.client.protocol.RequestAuthCache Auth cache not set in the context
29/12/2013 12:35:20 org.apache.http.client.protocol.RequestTargetAuthentication Target auth state: UNCHALLENGED
29/12/2013 12:35:20 org.apache.http.client.protocol.RequestProxyAuthentication Proxy auth state: UNCHALLENGED
29/12/2013 12:35:20 org.apache.http.impl.client.DefaultHttpClient Attempt 1 to execute request
29/12/2013 12:35:20 org.apache.http.impl.conn.DefaultClientConnection Sending request: POST /session/b31d4ab427a8e7b646ad6ee3b81fcc2d/element/0.43827101308852434-1/click HTTP/1.1
29/12/2013 12:35:20 org.apache.http.wire  >> "POST /session/b31d4ab427a8e7b646ad6ee3b81fcc2d/element/0.43827101308852434-1/click HTTP/1.1[\r][\n]"
29/12/2013 12:35:20 org.apache.http.wire  >> "Accept: application/json, image/png[\r][\n]"
29/12/2013 12:35:20 org.apache.http.wire  >> "Content-Type: application/json; charset=utf-8[\r][\n]"
29/12/2013 12:35:20 org.apache.http.wire  >> "Content-Length: 30[\r][\n]"
29/12/2013 12:35:20 org.apache.http.wire  >> "Host: localhost:6629[\r][\n]"
29/12/2013 12:35:20 org.apache.http.wire  >> "Connection: Keep-Alive[\r][\n]"
29/12/2013 12:35:20 org.apache.http.wire  >> "[\r][\n]"
29/12/2013 12:35:20 org.apache.http.headers >> POST /session/b31d4ab427a8e7b646ad6ee3b81fcc2d/element/0.43827101308852434-1/click HTTP/1.1
29/12/2013 12:35:20 org.apache.http.headers >> Accept: application/json, image/png
29/12/2013 12:35:20 org.apache.http.headers >> Content-Type: application/json; charset=utf-8
29/12/2013 12:35:20 org.apache.http.headers >> Content-Length: 30
29/12/2013 12:35:20 org.apache.http.headers >> Host: localhost:6629
29/12/2013 12:35:20 org.apache.http.headers >> Connection: Keep-Alive
29/12/2013 12:35:20 org.apache.http.wire  >> "{"id":"0.43827101308852434-1"}"
29/12/2013 12:35:20 org.apache.http.wire  << "HTTP/1.1 200 OK[\r][\n]"
29/12/2013 12:35:20 org.apache.http.wire  << "Content-Length:72[\r][\n]"
29/12/2013 12:35:20 org.apache.http.wire  << "Content-Type:application/json; charset=utf-8[\r][\n]"
29/12/2013 12:35:20 org.apache.http.wire  << "Connection:close[\r][\n]"
29/12/2013 12:35:20 org.apache.http.wire  << "[\r][\n]"
29/12/2013 12:35:20 org.apache.http.impl.conn.DefaultClientConnection Receiving response: HTTP/1.1 200 OK
29/12/2013 12:35:20 org.apache.http.headers << HTTP/1.1 200 OK
29/12/2013 12:35:20 org.apache.http.headers << Content-Length:72
29/12/2013 12:35:20 org.apache.http.headers << Content-Type:application/json; charset=utf-8
29/12/2013 12:35:20 org.apache.http.headers << Connection:close
29/12/2013 12:35:20 org.apache.http.wire  << "{"sessionId":"b31d4ab427a8e7b646ad6ee3b81fcc2d","status":0,"value":null}"
29/12/2013 12:35:20 org.apache.http.impl.conn.DefaultClientConnection Connection 0.0.0.0:49190<->127.0.0.1:6629 shut down
29/12/2013 12:35:20 org.apache.http.impl.conn.tsccm.ThreadSafeClientConnManager Released connection is not reusable.
29/12/2013 12:35:20 org.apache.http.impl.conn.tsccm.ConnPoolByRoute Releasing connection [{}->http://localhost:6629][null]
29/12/2013 12:35:20 org.apache.http.impl.conn.DefaultClientConnection Connection 0.0.0.0:49190<->127.0.0.1:6629 closed
29/12/2013 12:35:20 org.apache.http.impl.conn.tsccm.ConnPoolByRoute Notifying no-one, there are no waiting threads
29/12/2013 12:35:22 org.apache.http.impl.conn.tsccm.ThreadSafeClientConnManager Get connection: {}->http://localhost:6629, timeout = 120000
29/12/2013 12:35:22 org.apache.http.impl.conn.tsccm.ConnPoolByRoute [{}->http://localhost:6629] total kept alive: 0, total issued: 0, total allocated: 0 out of 2000
29/12/2013 12:35:22 org.apache.http.impl.conn.tsccm.ConnPoolByRoute No free connections [{}->http://localhost:6629][null]
29/12/2013 12:35:22 org.apache.http.impl.conn.tsccm.ConnPoolByRoute Available capacity: 2000 out of 2000 [{}->http://localhost:6629][null]
29/12/2013 12:35:22 org.apache.http.impl.conn.tsccm.ConnPoolByRoute Creating new connection [{}->http://localhost:6629]
29/12/2013 12:35:22 org.apache.http.impl.conn.DefaultClientConnectionOperator Connecting to localhost:6629
29/12/2013 12:35:22 org.apache.http.client.protocol.RequestAddCookies CookieSpec selected: best-match
29/12/2013 12:35:22 org.apache.http.client.protocol.RequestAuthCache Auth cache not set in the context
29/12/2013 12:35:22 org.apache.http.client.protocol.RequestTargetAuthentication Target auth state: UNCHALLENGED
29/12/2013 12:35:22 org.apache.http.client.protocol.RequestProxyAuthentication Proxy auth state: UNCHALLENGED
29/12/2013 12:35:22 org.apache.http.impl.client.DefaultHttpClient Attempt 1 to execute request
29/12/2013 12:35:22 org.apache.http.impl.conn.DefaultClientConnection Sending request: POST /session/b31d4ab427a8e7b646ad6ee3b81fcc2d/element HTTP/1.1
29/12/2013 12:35:22 org.apache.http.wire  >> "POST /session/b31d4ab427a8e7b646ad6ee3b81fcc2d/element HTTP/1.1[\r][\n]"
29/12/2013 12:35:22 org.apache.http.wire  >> "Accept: application/json, image/png[\r][\n]"
29/12/2013 12:35:22 org.apache.http.wire  >> "Content-Type: application/json; charset=utf-8[\r][\n]"
29/12/2013 12:35:22 org.apache.http.wire  >> "Content-Length: 52[\r][\n]"
29/12/2013 12:35:22 org.apache.http.wire  >> "Host: localhost:6629[\r][\n]"
29/12/2013 12:35:22 org.apache.http.wire  >> "Connection: Keep-Alive[\r][\n]"
29/12/2013 12:35:22 org.apache.http.wire  >> "[\r][\n]"
29/12/2013 12:35:22 org.apache.http.headers >> POST /session/b31d4ab427a8e7b646ad6ee3b81fcc2d/element HTTP/1.1
29/12/2013 12:35:22 org.apache.http.headers >> Accept: application/json, image/png
29/12/2013 12:35:22 org.apache.http.headers >> Content-Type: application/json; charset=utf-8
29/12/2013 12:35:22 org.apache.http.headers >> Content-Length: 52
29/12/2013 12:35:22 org.apache.http.headers >> Host: localhost:6629
29/12/2013 12:35:22 org.apache.http.headers >> Connection: Keep-Alive
29/12/2013 12:35:22 org.apache.http.wire  >> "{"using":"xpath","value":"//div[@title='ProdMod1']"}"
29/12/2013 12:35:22 org.apache.http.wire  << "HTTP/1.1 200 OK[\r][\n]"
29/12/2013 12:35:22 org.apache.http.wire  << "Content-Length:102[\r][\n]"
29/12/2013 12:35:22 org.apache.http.wire  << "Content-Type:application/json; charset=utf-8[\r][\n]"
29/12/2013 12:35:22 org.apache.http.wire  << "Connection:close[\r][\n]"
29/12/2013 12:35:22 org.apache.http.wire  << "[\r][\n]"
29/12/2013 12:35:22 org.apache.http.impl.conn.DefaultClientConnection Receiving response: HTTP/1.1 200 OK
29/12/2013 12:35:22 org.apache.http.headers << HTTP/1.1 200 OK
29/12/2013 12:35:22 org.apache.http.headers << Content-Length:102
29/12/2013 12:35:22 org.apache.http.headers << Content-Type:application/json; charset=utf-8
29/12/2013 12:35:22 org.apache.http.headers << Connection:close
29/12/2013 12:35:22 org.apache.http.wire  << "{"sessionId":"b31d4ab427a8e7b646ad6ee3b81fcc2d","status":0,"value":{"ELEMENT":"0.8102839740458876-1"}}"
29/12/2013 12:35:22 org.apache.http.impl.conn.DefaultClientConnection Connection 0.0.0.0:49191<->127.0.0.1:6629 shut down
29/12/2013 12:35:22 org.apache.http.impl.conn.tsccm.ThreadSafeClientConnManager Released connection is not reusable.
29/12/2013 12:35:22 org.apache.http.impl.conn.tsccm.ConnPoolByRoute Releasing connection [{}->http://localhost:6629][null]
29/12/2013 12:35:22 org.apache.http.impl.conn.DefaultClientConnection Connection 0.0.0.0:49191<->127.0.0.1:6629 closed
29/12/2013 12:35:22 org.apache.http.impl.conn.tsccm.ConnPoolByRoute Notifying no-one, there are no waiting threads
29/12/2013 12:35:22 org.apache.http.impl.conn.tsccm.ThreadSafeClientConnManager Get connection: {}->http://localhost:6629, timeout = 120000
29/12/2013 12:35:22 org.apache.http.impl.conn.tsccm.ConnPoolByRoute [{}->http://localhost:6629] total kept alive: 0, total issued: 0, total allocated: 0 out of 2000
29/12/2013 12:35:22 org.apache.http.impl.conn.tsccm.ConnPoolByRoute No free connections [{}->http://localhost:6629][null]
29/12/2013 12:35:22 org.apache.http.impl.conn.tsccm.ConnPoolByRoute Available capacity: 2000 out of 2000 [{}->http://localhost:6629][null]
29/12/2013 12:35:22 org.apache.http.impl.conn.tsccm.ConnPoolByRoute Creating new connection [{}->http://localhost:6629]
29/12/2013 12:35:22 org.apache.http.impl.conn.DefaultClientConnectionOperator Connecting to localhost:6629
29/12/2013 12:35:22 org.apache.http.client.protocol.RequestAddCookies CookieSpec selected: best-match
29/12/2013 12:35:22 org.apache.http.client.protocol.RequestAuthCache Auth cache not set in the context
29/12/2013 12:35:22 org.apache.http.client.protocol.RequestTargetAuthentication Target auth state: UNCHALLENGED
29/12/2013 12:35:22 org.apache.http.client.protocol.RequestProxyAuthentication Proxy auth state: UNCHALLENGED
29/12/2013 12:35:22 org.apache.http.impl.client.DefaultHttpClient Attempt 1 to execute request
29/12/2013 12:35:22 org.apache.http.impl.conn.DefaultClientConnection Sending request: POST /session/b31d4ab427a8e7b646ad6ee3b81fcc2d/element/0.8102839740458876-1/click HTTP/1.1
29/12/2013 12:35:22 org.apache.http.wire  >> "POST /session/b31d4ab427a8e7b646ad6ee3b81fcc2d/element/0.8102839740458876-1/click HTTP/1.1[\r][\n]"
29/12/2013 12:35:22 org.apache.http.wire  >> "Accept: application/json, image/png[\r][\n]"
29/12/2013 12:35:22 org.apache.http.wire  >> "Content-Type: application/json; charset=utf-8[\r][\n]"
29/12/2013 12:35:22 org.apache.http.wire  >> "Content-Length: 29[\r][\n]"
29/12/2013 12:35:22 org.apache.http.wire  >> "Host: localhost:6629[\r][\n]"
29/12/2013 12:35:22 org.apache.http.wire  >> "Connection: Keep-Alive[\r][\n]"
29/12/2013 12:35:22 org.apache.http.wire  >> "[\r][\n]"
29/12/2013 12:35:22 org.apache.http.headers >> POST /session/b31d4ab427a8e7b646ad6ee3b81fcc2d/element/0.8102839740458876-1/click HTTP/1.1
29/12/2013 12:35:22 org.apache.http.headers >> Accept: application/json, image/png
29/12/2013 12:35:22 org.apache.http.headers >> Content-Type: application/json; charset=utf-8
29/12/2013 12:35:22 org.apache.http.headers >> Content-Length: 29
29/12/2013 12:35:22 org.apache.http.headers >> Host: localhost:6629
29/12/2013 12:35:22 org.apache.http.headers >> Connection: Keep-Alive
29/12/2013 12:35:22 org.apache.http.wire  >> "{"id":"0.8102839740458876-1"}"
29/12/2013 12:35:22 org.apache.http.wire  << "HTTP/1.1 200 OK[\r][\n]"
29/12/2013 12:35:22 org.apache.http.wire  << "Content-Length:72[\r][\n]"
29/12/2013 12:35:22 org.apache.http.wire  << "Content-Type:application/json; charset=utf-8[\r][\n]"
29/12/2013 12:35:22 org.apache.http.wire  << "Connection:close[\r][\n]"
29/12/2013 12:35:22 org.apache.http.wire  << "[\r][\n]"
29/12/2013 12:35:22 org.apache.http.impl.conn.DefaultClientConnection Receiving response: HTTP/1.1 200 OK
29/12/2013 12:35:22 org.apache.http.headers << HTTP/1.1 200 OK
29/12/2013 12:35:22 org.apache.http.headers << Content-Length:72
29/12/2013 12:35:22 org.apache.http.headers << Content-Type:application/json; charset=utf-8
29/12/2013 12:35:22 org.apache.http.headers << Connection:close
29/12/2013 12:35:22 org.apache.http.wire  << "{"sessionId":"b31d4ab427a8e7b646ad6ee3b81fcc2d","status":0,"value":null}"
29/12/2013 12:35:22 org.apache.http.impl.conn.DefaultClientConnection Connection 0.0.0.0:49192<->127.0.0.1:6629 shut down
29/12/2013 12:35:22 org.apache.http.impl.conn.tsccm.ThreadSafeClientConnManager Released connection is not reusable.
29/12/2013 12:35:22 org.apache.http.impl.conn.tsccm.ConnPoolByRoute Releasing connection [{}->http://localhost:6629][null]
29/12/2013 12:35:22 org.apache.http.impl.conn.DefaultClientConnection Connection 0.0.0.0:49192<->127.0.0.1:6629 closed
29/12/2013 12:35:22 org.apache.http.impl.conn.tsccm.ConnPoolByRoute Notifying no-one, there are no waiting threads
29/12/2013 12:35:22 org.apache.http.impl.conn.tsccm.ThreadSafeClientConnManager Get connection: {}->http://localhost:6629, timeout = 120000
29/12/2013 12:35:22 org.apache.http.impl.conn.tsccm.ConnPoolByRoute [{}->http://localhost:6629] total kept alive: 0, total issued: 0, total allocated: 0 out of 2000
29/12/2013 12:35:22 org.apache.http.impl.conn.tsccm.ConnPoolByRoute No free connections [{}->http://localhost:6629][null]
29/12/2013 12:35:22 org.apache.http.impl.conn.tsccm.ConnPoolByRoute Available capacity: 2000 out of 2000 [{}->http://localhost:6629][null]
29/12/2013 12:35:22 org.apache.http.impl.conn.tsccm.ConnPoolByRoute Creating new connection [{}->http://localhost:6629]
29/12/2013 12:35:22 org.apache.http.impl.conn.DefaultClientConnectionOperator Connecting to localhost:6629
29/12/2013 12:35:22 org.apache.http.client.protocol.RequestAddCookies CookieSpec selected: best-match
29/12/2013 12:35:22 org.apache.http.client.protocol.RequestAuthCache Auth cache not set in the context
29/12/2013 12:35:22 org.apache.http.client.protocol.RequestTargetAuthentication Target auth state: UNCHALLENGED
29/12/2013 12:35:22 org.apache.http.client.protocol.RequestProxyAuthentication Proxy auth state: UNCHALLENGED
29/12/2013 12:35:22 org.apache.http.impl.client.DefaultHttpClient Attempt 1 to execute request
29/12/2013 12:35:22 org.apache.http.impl.conn.DefaultClientConnection Sending request: POST /session/b31d4ab427a8e7b646ad6ee3b81fcc2d/timeouts/implicit_wait HTTP/1.1
29/12/2013 12:35:22 org.apache.http.wire  >> "POST /session/b31d4ab427a8e7b646ad6ee3b81fcc2d/timeouts/implicit_wait HTTP/1.1[\r][\n]"
29/12/2013 12:35:22 org.apache.http.wire  >> "Accept: application/json, image/png[\r][\n]"
29/12/2013 12:35:22 org.apache.http.wire  >> "Content-Type: application/json; charset=utf-8[\r][\n]"
29/12/2013 12:35:22 org.apache.http.wire  >> "Content-Length: 11[\r][\n]"
29/12/2013 12:35:22 org.apache.http.wire  >> "Host: localhost:6629[\r][\n]"
29/12/2013 12:35:22 org.apache.http.wire  >> "Connection: Keep-Alive[\r][\n]"
29/12/2013 12:35:22 org.apache.http.wire  >> "[\r][\n]"
29/12/2013 12:35:22 org.apache.http.headers >> POST /session/b31d4ab427a8e7b646ad6ee3b81fcc2d/timeouts/implicit_wait HTTP/1.1
29/12/2013 12:35:22 org.apache.http.headers >> Accept: application/json, image/png
29/12/2013 12:35:22 org.apache.http.headers >> Content-Type: application/json; charset=utf-8
29/12/2013 12:35:22 org.apache.http.headers >> Content-Length: 11
29/12/2013 12:35:22 org.apache.http.headers >> Host: localhost:6629
29/12/2013 12:35:22 org.apache.http.headers >> Connection: Keep-Alive
29/12/2013 12:35:22 org.apache.http.wire  >> "{"ms":1000}"
29/12/2013 12:35:22 org.apache.http.wire  << "HTTP/1.1 200 OK[\r][\n]"
29/12/2013 12:35:22 org.apache.http.wire  << "Content-Length:72[\r][\n]"
29/12/2013 12:35:22 org.apache.http.wire  << "Content-Type:application/json; charset=utf-8[\r][\n]"
29/12/2013 12:35:22 org.apache.http.wire  << "Connection:close[\r][\n]"
29/12/2013 12:35:22 org.apache.http.wire  << "[\r][\n]"
29/12/2013 12:35:22 org.apache.http.impl.conn.DefaultClientConnection Receiving response: HTTP/1.1 200 OK
29/12/2013 12:35:22 org.apache.http.headers << HTTP/1.1 200 OK
29/12/2013 12:35:22 org.apache.http.headers << Content-Length:72
29/12/2013 12:35:22 org.apache.http.headers << Content-Type:application/json; charset=utf-8
29/12/2013 12:35:22 org.apache.http.headers << Connection:close
29/12/2013 12:35:22 org.apache.http.wire  << "{"sessionId":"b31d4ab427a8e7b646ad6ee3b81fcc2d","status":0,"value":null}"
29/12/2013 12:35:22 org.apache.http.impl.conn.DefaultClientConnection Connection 0.0.0.0:49193<->127.0.0.1:6629 shut down
29/12/2013 12:35:22 org.apache.http.impl.conn.tsccm.ThreadSafeClientConnManager Released connection is not reusable.
29/12/2013 12:35:22 org.apache.http.impl.conn.tsccm.ConnPoolByRoute Releasing connection [{}->http://localhost:6629][null]
29/12/2013 12:35:22 org.apache.http.impl.conn.DefaultClientConnection Connection 0.0.0.0:49193<->127.0.0.1:6629 closed
29/12/2013 12:35:22 org.apache.http.impl.conn.tsccm.ConnPoolByRoute Notifying no-one, there are no waiting threads
29/12/2013 12:35:22 org.apache.http.impl.conn.tsccm.ThreadSafeClientConnManager Get connection: {}->http://localhost:6629, timeout = 120000
29/12/2013 12:35:22 org.apache.http.impl.conn.tsccm.ConnPoolByRoute [{}->http://localhost:6629] total kept alive: 0, total issued: 0, total allocated: 0 out of 2000
29/12/2013 12:35:22 org.apache.http.impl.conn.tsccm.ConnPoolByRoute No free connections [{}->http://localhost:6629][null]
29/12/2013 12:35:22 org.apache.http.impl.conn.tsccm.ConnPoolByRoute Available capacity: 2000 out of 2000 [{}->http://localhost:6629][null]
29/12/2013 12:35:22 org.apache.http.impl.conn.tsccm.ConnPoolByRoute Creating new connection [{}->http://localhost:6629]
29/12/2013 12:35:22 org.apache.http.impl.conn.DefaultClientConnectionOperator Connecting to localhost:6629
29/12/2013 12:35:22 org.apache.http.client.protocol.RequestAddCookies CookieSpec selected: best-match
29/12/2013 12:35:22 org.apache.http.client.protocol.RequestAuthCache Auth cache not set in the context
29/12/2013 12:35:22 org.apache.http.client.protocol.RequestTargetAuthentication Target auth state: UNCHALLENGED
29/12/2013 12:35:22 org.apache.http.client.protocol.RequestProxyAuthentication Proxy auth state: UNCHALLENGED
29/12/2013 12:35:22 org.apache.http.impl.client.DefaultHttpClient Attempt 1 to execute request
29/12/2013 12:35:22 org.apache.http.impl.conn.DefaultClientConnection Sending request: POST /session/b31d4ab427a8e7b646ad6ee3b81fcc2d/elements HTTP/1.1
29/12/2013 12:35:22 org.apache.http.wire  >> "POST /session/b31d4ab427a8e7b646ad6ee3b81fcc2d/elements HTTP/1.1[\r][\n]"
29/12/2013 12:35:22 org.apache.http.wire  >> "Accept: application/json, image/png[\r][\n]"
29/12/2013 12:35:22 org.apache.http.wire  >> "Content-Type: application/json; charset=utf-8[\r][\n]"
29/12/2013 12:35:22 org.apache.http.wire  >> "Content-Length: 61[\r][\n]"
29/12/2013 12:35:22 org.apache.http.wire  >> "Host: localhost:6629[\r][\n]"
29/12/2013 12:35:22 org.apache.http.wire  >> "Connection: Keep-Alive[\r][\n]"
29/12/2013 12:35:22 org.apache.http.wire  >> "[\r][\n]"
29/12/2013 12:35:22 org.apache.http.headers >> POST /session/b31d4ab427a8e7b646ad6ee3b81fcc2d/elements HTTP/1.1
29/12/2013 12:35:22 org.apache.http.headers >> Accept: application/json, image/png
29/12/2013 12:35:22 org.apache.http.headers >> Content-Type: application/json; charset=utf-8
29/12/2013 12:35:22 org.apache.http.headers >> Content-Length: 61
29/12/2013 12:35:22 org.apache.http.headers >> Host: localhost:6629
29/12/2013 12:35:22 org.apache.http.headers >> Connection: Keep-Alive
29/12/2013 12:35:22 org.apache.http.wire  >> "{"using":"xpath","value":"//a[@href='javascript:void(0)']/i"}"
29/12/2013 12:35:23 org.apache.http.wire  << "HTTP/1.1 200 OK[\r][\n]"
29/12/2013 12:35:23 org.apache.http.wire  << "Content-Length:139[\r][\n]"
29/12/2013 12:35:23 org.apache.http.wire  << "Content-Type:application/json; charset=utf-8[\r][\n]"
29/12/2013 12:35:23 org.apache.http.wire  << "Connection:close[\r][\n]"
29/12/2013 12:35:23 org.apache.http.wire  << "[\r][\n]"
29/12/2013 12:35:23 org.apache.http.impl.conn.DefaultClientConnection Receiving response: HTTP/1.1 200 OK
29/12/2013 12:35:23 org.apache.http.headers << HTTP/1.1 200 OK
29/12/2013 12:35:23 org.apache.http.headers << Content-Length:139
29/12/2013 12:35:23 org.apache.http.headers << Content-Type:application/json; charset=utf-8
29/12/2013 12:35:23 org.apache.http.headers << Connection:close
29/12/2013 12:35:23 org.apache.http.wire  << "{"sessionId":"b31d4ab427a8e7b646ad6ee3b81fcc2d","status":0,"value":[{"ELEMENT":"0.8102839740458876-2"},{"ELEMENT":"0.8102839740458876-3"}]}"
29/12/2013 12:35:23 org.apache.http.impl.conn.DefaultClientConnection Connection 0.0.0.0:49194<->127.0.0.1:6629 shut down
29/12/2013 12:35:23 org.apache.http.impl.conn.tsccm.ThreadSafeClientConnManager Released connection is not reusable.
29/12/2013 12:35:23 org.apache.http.impl.conn.tsccm.ConnPoolByRoute Releasing connection [{}->http://localhost:6629][null]
29/12/2013 12:35:23 org.apache.http.impl.conn.DefaultClientConnection Connection 0.0.0.0:49194<->127.0.0.1:6629 closed
29/12/2013 12:35:23 org.apache.http.impl.conn.tsccm.ConnPoolByRoute Notifying no-one, there are no waiting threads
29/12/2013 12:35:23 Logger DEBUG: got number of elements: 2
29/12/2013 12:35:23 org.apache.http.impl.conn.tsccm.ThreadSafeClientConnManager Get connection: {}->http://localhost:6629, timeout = 120000
29/12/2013 12:35:23 org.apache.http.impl.conn.tsccm.ConnPoolByRoute [{}->http://localhost:6629] total kept alive: 0, total issued: 0, total allocated: 0 out of 2000
29/12/2013 12:35:23 org.apache.http.impl.conn.tsccm.ConnPoolByRoute No free connections [{}->http://localhost:6629][null]
29/12/2013 12:35:23 org.apache.http.impl.conn.tsccm.ConnPoolByRoute Available capacity: 2000 out of 2000 [{}->http://localhost:6629][null]
29/12/2013 12:35:23 org.apache.http.impl.conn.tsccm.ConnPoolByRoute Creating new connection [{}->http://localhost:6629]
29/12/2013 12:35:23 org.apache.http.impl.conn.DefaultClientConnectionOperator Connecting to localhost:6629
29/12/2013 12:35:23 org.apache.http.client.protocol.RequestAddCookies CookieSpec selected: best-match
29/12/2013 12:35:23 org.apache.http.client.protocol.RequestAuthCache Auth cache not set in the context
29/12/2013 12:35:23 org.apache.http.client.protocol.RequestTargetAuthentication Target auth state: UNCHALLENGED
29/12/2013 12:35:23 org.apache.http.client.protocol.RequestProxyAuthentication Proxy auth state: UNCHALLENGED
29/12/2013 12:35:23 org.apache.http.impl.client.DefaultHttpClient Attempt 1 to execute request
29/12/2013 12:35:23 org.apache.http.impl.conn.DefaultClientConnection Sending request: POST /session/b31d4ab427a8e7b646ad6ee3b81fcc2d/timeouts/implicit_wait HTTP/1.1
29/12/2013 12:35:23 org.apache.http.wire  >> "POST /session/b31d4ab427a8e7b646ad6ee3b81fcc2d/timeouts/implicit_wait HTTP/1.1[\r][\n]"
29/12/2013 12:35:23 org.apache.http.wire  >> "Accept: application/json, image/png[\r][\n]"
29/12/2013 12:35:23 org.apache.http.wire  >> "Content-Type: application/json; charset=utf-8[\r][\n]"
29/12/2013 12:35:23 org.apache.http.wire  >> "Content-Length: 12[\r][\n]"
29/12/2013 12:35:23 org.apache.http.wire  >> "Host: localhost:6629[\r][\n]"
29/12/2013 12:35:23 org.apache.http.wire  >> "Connection: Keep-Alive[\r][\n]"
29/12/2013 12:35:23 org.apache.http.wire  >> "[\r][\n]"
29/12/2013 12:35:23 org.apache.http.headers >> POST /session/b31d4ab427a8e7b646ad6ee3b81fcc2d/timeouts/implicit_wait HTTP/1.1
29/12/2013 12:35:23 org.apache.http.headers >> Accept: application/json, image/png
29/12/2013 12:35:23 org.apache.http.headers >> Content-Type: application/json; charset=utf-8
29/12/2013 12:35:23 org.apache.http.headers >> Content-Length: 12
29/12/2013 12:35:23 org.apache.http.headers >> Host: localhost:6629
29/12/2013 12:35:23 org.apache.http.headers >> Connection: Keep-Alive
29/12/2013 12:35:23 org.apache.http.wire  >> "{"ms":30000}"
29/12/2013 12:35:23 org.apache.http.wire  << "HTTP/1.1 200 OK[\r][\n]"
29/12/2013 12:35:23 org.apache.http.wire  << "Content-Length:72[\r][\n]"
29/12/2013 12:35:23 org.apache.http.wire  << "Content-Type:application/json; charset=utf-8[\r][\n]"
29/12/2013 12:35:23 org.apache.http.wire  << "Connection:close[\r][\n]"
29/12/2013 12:35:23 org.apache.http.wire  << "[\r][\n]"
29/12/2013 12:35:23 org.apache.http.impl.conn.DefaultClientConnection Receiving response: HTTP/1.1 200 OK
29/12/2013 12:35:23 org.apache.http.headers << HTTP/1.1 200 OK
29/12/2013 12:35:23 org.apache.http.headers << Content-Length:72
29/12/2013 12:35:23 org.apache.http.headers << Content-Type:application/json; charset=utf-8
29/12/2013 12:35:23 org.apache.http.headers << Connection:close
29/12/2013 12:35:23 org.apache.http.wire  << "{"sessionId":"b31d4ab427a8e7b646ad6ee3b81fcc2d","status":0,"value":null}"
29/12/2013 12:35:23 org.apache.http.impl.conn.DefaultClientConnection Connection 0.0.0.0:49195<->127.0.0.1:6629 shut down
29/12/2013 12:35:23 org.apache.http.impl.conn.tsccm.ThreadSafeClientConnManager Released connection is not reusable.
29/12/2013 12:35:23 org.apache.http.impl.conn.tsccm.ConnPoolByRoute Releasing connection [{}->http://localhost:6629][null]
29/12/2013 12:35:23 org.apache.http.impl.conn.DefaultClientConnection Connection 0.0.0.0:49195<->127.0.0.1:6629 closed
29/12/2013 12:35:23 org.apache.http.impl.conn.tsccm.ConnPoolByRoute Notifying no-one, there are no waiting threads
29/12/2013 12:35:23 org.apache.http.impl.conn.tsccm.ThreadSafeClientConnManager Get connection: {}->http://localhost:6629, timeout = 120000
29/12/2013 12:35:23 org.apache.http.impl.conn.tsccm.ConnPoolByRoute [{}->http://localhost:6629] total kept alive: 0, total issued: 0, total allocated: 0 out of 2000
29/12/2013 12:35:23 org.apache.http.impl.conn.tsccm.ConnPoolByRoute No free connections [{}->http://localhost:6629][null]
29/12/2013 12:35:23 org.apache.http.impl.conn.tsccm.ConnPoolByRoute Available capacity: 2000 out of 2000 [{}->http://localhost:6629][null]
29/12/2013 12:35:23 org.apache.http.impl.conn.tsccm.ConnPoolByRoute Creating new connection [{}->http://localhost:6629]
29/12/2013 12:35:23 org.apache.http.impl.conn.DefaultClientConnectionOperator Connecting to localhost:6629
29/12/2013 12:35:23 org.apache.http.client.protocol.RequestAddCookies CookieSpec selected: best-match
29/12/2013 12:35:23 org.apache.http.client.protocol.RequestAuthCache Auth cache not set in the context
29/12/2013 12:35:23 org.apache.http.client.protocol.RequestTargetAuthentication Target auth state: UNCHALLENGED
29/12/2013 12:35:23 org.apache.http.client.protocol.RequestProxyAuthentication Proxy auth state: UNCHALLENGED
29/12/2013 12:35:23 org.apache.http.impl.client.DefaultHttpClient Attempt 1 to execute request
29/12/2013 12:35:23 org.apache.http.impl.conn.DefaultClientConnection Sending request: POST /session/b31d4ab427a8e7b646ad6ee3b81fcc2d/element HTTP/1.1
29/12/2013 12:35:23 org.apache.http.wire  >> "POST /session/b31d4ab427a8e7b646ad6ee3b81fcc2d/element HTTP/1.1[\r][\n]"
29/12/2013 12:35:23 org.apache.http.wire  >> "Accept: application/json, image/png[\r][\n]"
29/12/2013 12:35:23 org.apache.http.wire  >> "Content-Type: application/json; charset=utf-8[\r][\n]"
29/12/2013 12:35:23 org.apache.http.wire  >> "Content-Length: 61[\r][\n]"
29/12/2013 12:35:23 org.apache.http.wire  >> "Host: localhost:6629[\r][\n]"
29/12/2013 12:35:23 org.apache.http.wire  >> "Connection: Keep-Alive[\r][\n]"
29/12/2013 12:35:23 org.apache.http.wire  >> "[\r][\n]"
29/12/2013 12:35:23 org.apache.http.headers >> POST /session/b31d4ab427a8e7b646ad6ee3b81fcc2d/element HTTP/1.1
29/12/2013 12:35:23 org.apache.http.headers >> Accept: application/json, image/png
29/12/2013 12:35:23 org.apache.http.headers >> Content-Type: application/json; charset=utf-8
29/12/2013 12:35:23 org.apache.http.headers >> Content-Length: 61
29/12/2013 12:35:23 org.apache.http.headers >> Host: localhost:6629
29/12/2013 12:35:23 org.apache.http.headers >> Connection: Keep-Alive
29/12/2013 12:35:23 org.apache.http.wire  >> "{"using":"xpath","value":"//a[@href='javascript:void(0)']/i"}"
29/12/2013 12:35:23 org.apache.http.wire  << "HTTP/1.1 200 OK[\r][\n]"
29/12/2013 12:35:23 org.apache.http.wire  << "Content-Length:102[\r][\n]"
29/12/2013 12:35:23 org.apache.http.wire  << "Content-Type:application/json; charset=utf-8[\r][\n]"
29/12/2013 12:35:23 org.apache.http.wire  << "Connection:close[\r][\n]"
29/12/2013 12:35:23 org.apache.http.wire  << "[\r][\n]"
29/12/2013 12:35:23 org.apache.http.impl.conn.DefaultClientConnection Receiving response: HTTP/1.1 200 OK
29/12/2013 12:35:23 org.apache.http.headers << HTTP/1.1 200 OK
29/12/2013 12:35:23 org.apache.http.headers << Content-Length:102
29/12/2013 12:35:23 org.apache.http.headers << Content-Type:application/json; charset=utf-8
29/12/2013 12:35:23 org.apache.http.headers << Connection:close
29/12/2013 12:35:23 org.apache.http.wire  << "{"sessionId":"b31d4ab427a8e7b646ad6ee3b81fcc2d","status":0,"value":{"ELEMENT":"0.8102839740458876-2"}}"
29/12/2013 12:35:23 org.apache.http.impl.conn.DefaultClientConnection Connection 0.0.0.0:49196<->127.0.0.1:6629 shut down
29/12/2013 12:35:23 org.apache.http.impl.conn.tsccm.ThreadSafeClientConnManager Released connection is not reusable.
29/12/2013 12:35:23 org.apache.http.impl.conn.tsccm.ConnPoolByRoute Releasing connection [{}->http://localhost:6629][null]
29/12/2013 12:35:23 org.apache.http.impl.conn.DefaultClientConnection Connection 0.0.0.0:49196<->127.0.0.1:6629 closed
29/12/2013 12:35:23 org.apache.http.impl.conn.tsccm.ConnPoolByRoute Notifying no-one, there are no waiting threads
29/12/2013 12:35:23 org.apache.http.impl.conn.tsccm.ThreadSafeClientConnManager Get connection: {}->http://localhost:6629, timeout = 120000
29/12/2013 12:35:23 org.apache.http.impl.conn.tsccm.ConnPoolByRoute [{}->http://localhost:6629] total kept alive: 0, total issued: 0, total allocated: 0 out of 2000
29/12/2013 12:35:23 org.apache.http.impl.conn.tsccm.ConnPoolByRoute No free connections [{}->http://localhost:6629][null]
29/12/2013 12:35:23 org.apache.http.impl.conn.tsccm.ConnPoolByRoute Available capacity: 2000 out of 2000 [{}->http://localhost:6629][null]
29/12/2013 12:35:23 org.apache.http.impl.conn.tsccm.ConnPoolByRoute Creating new connection [{}->http://localhost:6629]
29/12/2013 12:35:23 org.apache.http.impl.conn.DefaultClientConnectionOperator Connecting to localhost:6629
29/12/2013 12:35:23 org.apache.http.client.protocol.RequestAddCookies CookieSpec selected: best-match
29/12/2013 12:35:23 org.apache.http.client.protocol.RequestAuthCache Auth cache not set in the context
29/12/2013 12:35:23 org.apache.http.client.protocol.RequestTargetAuthentication Target auth state: UNCHALLENGED
29/12/2013 12:35:23 org.apache.http.client.protocol.RequestProxyAuthentication Proxy auth state: UNCHALLENGED
29/12/2013 12:35:23 org.apache.http.impl.client.DefaultHttpClient Attempt 1 to execute request
29/12/2013 12:35:23 org.apache.http.impl.conn.DefaultClientConnection Sending request: POST /session/b31d4ab427a8e7b646ad6ee3b81fcc2d/element/0.8102839740458876-2/click HTTP/1.1
29/12/2013 12:35:23 org.apache.http.wire  >> "POST /session/b31d4ab427a8e7b646ad6ee3b81fcc2d/element/0.8102839740458876-2/click HTTP/1.1[\r][\n]"
29/12/2013 12:35:23 org.apache.http.wire  >> "Accept: application/json, image/png[\r][\n]"
29/12/2013 12:35:23 org.apache.http.wire  >> "Content-Type: application/json; charset=utf-8[\r][\n]"
29/12/2013 12:35:23 org.apache.http.wire  >> "Content-Length: 29[\r][\n]"
29/12/2013 12:35:23 org.apache.http.wire  >> "Host: localhost:6629[\r][\n]"
29/12/2013 12:35:23 org.apache.http.wire  >> "Connection: Keep-Alive[\r][\n]"
29/12/2013 12:35:23 org.apache.http.wire  >> "[\r][\n]"
29/12/2013 12:35:23 org.apache.http.headers >> POST /session/b31d4ab427a8e7b646ad6ee3b81fcc2d/element/0.8102839740458876-2/click HTTP/1.1
29/12/2013 12:35:23 org.apache.http.headers >> Accept: application/json, image/png
29/12/2013 12:35:23 org.apache.http.headers >> Content-Type: application/json; charset=utf-8
29/12/2013 12:35:23 org.apache.http.headers >> Content-Length: 29
29/12/2013 12:35:23 org.apache.http.headers >> Host: localhost:6629
29/12/2013 12:35:23 org.apache.http.headers >> Connection: Keep-Alive
29/12/2013 12:35:23 org.apache.http.wire  >> "{"id":"0.8102839740458876-2"}"
29/12/2013 12:35:23 org.apache.http.wire  << "HTTP/1.1 200 OK[\r][\n]"
29/12/2013 12:35:23 org.apache.http.wire  << "Content-Length:72[\r][\n]"
29/12/2013 12:35:23 org.apache.http.wire  << "Content-Type:application/json; charset=utf-8[\r][\n]"
29/12/2013 12:35:23 org.apache.http.wire  << "Connection:close[\r][\n]"
29/12/2013 12:35:23 org.apache.http.wire  << "[\r][\n]"
29/12/2013 12:35:23 org.apache.http.impl.conn.DefaultClientConnection Receiving response: HTTP/1.1 200 OK
29/12/2013 12:35:23 org.apache.http.headers << HTTP/1.1 200 OK
29/12/2013 12:35:23 org.apache.http.headers << Content-Length:72
29/12/2013 12:35:23 org.apache.http.headers << Content-Type:application/json; charset=utf-8
29/12/2013 12:35:23 org.apache.http.headers << Connection:close
29/12/2013 12:35:23 org.apache.http.wire  << "{"sessionId":"b31d4ab427a8e7b646ad6ee3b81fcc2d","status":0,"value":null}"
29/12/2013 12:35:23 org.apache.http.impl.conn.DefaultClientConnection Connection 0.0.0.0:49197<->127.0.0.1:6629 shut down
29/12/2013 12:35:23 org.apache.http.impl.conn.tsccm.ThreadSafeClientConnManager Released connection is not reusable.
29/12/2013 12:35:23 org.apache.http.impl.conn.tsccm.ConnPoolByRoute Releasing connection [{}->http://localhost:6629][null]
29/12/2013 12:35:23 org.apache.http.impl.conn.DefaultClientConnection Connection 0.0.0.0:49197<->127.0.0.1:6629 closed
29/12/2013 12:35:23 org.apache.http.impl.conn.tsccm.ConnPoolByRoute Notifying no-one, there are no waiting threads
29/12/2013 12:35:23 org.apache.http.impl.conn.tsccm.ThreadSafeClientConnManager Get connection: {}->http://localhost:6629, timeout = 120000
29/12/2013 12:35:23 org.apache.http.impl.conn.tsccm.ConnPoolByRoute [{}->http://localhost:6629] total kept alive: 0, total issued: 0, total allocated: 0 out of 2000
29/12/2013 12:35:23 org.apache.http.impl.conn.tsccm.ConnPoolByRoute No free connections [{}->http://localhost:6629][null]
29/12/2013 12:35:23 org.apache.http.impl.conn.tsccm.ConnPoolByRoute Available capacity: 2000 out of 2000 [{}->http://localhost:6629][null]
29/12/2013 12:35:23 org.apache.http.impl.conn.tsccm.ConnPoolByRoute Creating new connection [{}->http://localhost:6629]
29/12/2013 12:35:23 org.apache.http.impl.conn.DefaultClientConnectionOperator Connecting to localhost:6629
29/12/2013 12:35:23 org.apache.http.client.protocol.RequestAddCookies CookieSpec selected: best-match
29/12/2013 12:35:23 org.apache.http.client.protocol.RequestAuthCache Auth cache not set in the context
29/12/2013 12:35:23 org.apache.http.client.protocol.RequestTargetAuthentication Target auth state: UNCHALLENGED
29/12/2013 12:35:23 org.apache.http.client.protocol.RequestProxyAuthentication Proxy auth state: UNCHALLENGED
29/12/2013 12:35:23 org.apache.http.impl.client.DefaultHttpClient Attempt 1 to execute request
29/12/2013 12:35:23 org.apache.http.impl.conn.DefaultClientConnection Sending request: POST /session/b31d4ab427a8e7b646ad6ee3b81fcc2d/element HTTP/1.1
29/12/2013 12:35:23 org.apache.http.wire  >> "POST /session/b31d4ab427a8e7b646ad6ee3b81fcc2d/element HTTP/1.1[\r][\n]"
29/12/2013 12:35:23 org.apache.http.wire  >> "Accept: application/json, image/png[\r][\n]"
29/12/2013 12:35:23 org.apache.http.wire  >> "Content-Type: application/json; charset=utf-8[\r][\n]"
29/12/2013 12:35:23 org.apache.http.wire  >> "Content-Length: 49[\r][\n]"
29/12/2013 12:35:23 org.apache.http.wire  >> "Host: localhost:6629[\r][\n]"
29/12/2013 12:35:23 org.apache.http.wire  >> "Connection: Keep-Alive[\r][\n]"
29/12/2013 12:35:23 org.apache.http.wire  >> "[\r][\n]"
29/12/2013 12:35:23 org.apache.http.headers >> POST /session/b31d4ab427a8e7b646ad6ee3b81fcc2d/element HTTP/1.1
29/12/2013 12:35:23 org.apache.http.headers >> Accept: application/json, image/png
29/12/2013 12:35:23 org.apache.http.headers >> Content-Type: application/json; charset=utf-8
29/12/2013 12:35:23 org.apache.http.headers >> Content-Length: 49
29/12/2013 12:35:23 org.apache.http.headers >> Host: localhost:6629
29/12/2013 12:35:23 org.apache.http.headers >> Connection: Keep-Alive
29/12/2013 12:35:23 org.apache.http.wire  >> "{"using":"xpath","value":"//div[4]/div/div/span"}"
29/12/2013 12:35:23 org.apache.http.wire  << "HTTP/1.1 200 OK[\r][\n]"
29/12/2013 12:35:23 org.apache.http.wire  << "Content-Length:102[\r][\n]"
29/12/2013 12:35:23 org.apache.http.wire  << "Content-Type:application/json; charset=utf-8[\r][\n]"
29/12/2013 12:35:23 org.apache.http.wire  << "Connection:close[\r][\n]"
29/12/2013 12:35:23 org.apache.http.wire  << "[\r][\n]"
29/12/2013 12:35:23 org.apache.http.impl.conn.DefaultClientConnection Receiving response: HTTP/1.1 200 OK
29/12/2013 12:35:23 org.apache.http.headers << HTTP/1.1 200 OK
29/12/2013 12:35:23 org.apache.http.headers << Content-Length:102
29/12/2013 12:35:23 org.apache.http.headers << Content-Type:application/json; charset=utf-8
29/12/2013 12:35:23 org.apache.http.headers << Connection:close
29/12/2013 12:35:23 org.apache.http.wire  << "{"sessionId":"b31d4ab427a8e7b646ad6ee3b81fcc2d","status":0,"value":{"ELEMENT":"0.8102839740458876-4"}}"
29/12/2013 12:35:23 org.apache.http.impl.conn.DefaultClientConnection Connection 0.0.0.0:49198<->127.0.0.1:6629 shut down
29/12/2013 12:35:23 org.apache.http.impl.conn.tsccm.ThreadSafeClientConnManager Released connection is not reusable.
29/12/2013 12:35:23 org.apache.http.impl.conn.tsccm.ConnPoolByRoute Releasing connection [{}->http://localhost:6629][null]
29/12/2013 12:35:23 org.apache.http.impl.conn.DefaultClientConnection Connection 0.0.0.0:49198<->127.0.0.1:6629 closed
29/12/2013 12:35:23 org.apache.http.impl.conn.tsccm.ConnPoolByRoute Notifying no-one, there are no waiting threads
29/12/2013 12:35:23 org.apache.http.impl.conn.tsccm.ThreadSafeClientConnManager Get connection: {}->http://localhost:6629, timeout = 120000
29/12/2013 12:35:23 org.apache.http.impl.conn.tsccm.ConnPoolByRoute [{}->http://localhost:6629] total kept alive: 0, total issued: 0, total allocated: 0 out of 2000
29/12/2013 12:35:23 org.apache.http.impl.conn.tsccm.ConnPoolByRoute No free connections [{}->http://localhost:6629][null]
29/12/2013 12:35:23 org.apache.http.impl.conn.tsccm.ConnPoolByRoute Available capacity: 2000 out of 2000 [{}->http://localhost:6629][null]
29/12/2013 12:35:23 org.apache.http.impl.conn.tsccm.ConnPoolByRoute Creating new connection [{}->http://localhost:6629]
29/12/2013 12:35:23 org.apache.http.impl.conn.DefaultClientConnectionOperator Connecting to localhost:6629
29/12/2013 12:35:23 org.apache.http.client.protocol.RequestAddCookies CookieSpec selected: best-match
29/12/2013 12:35:23 org.apache.http.client.protocol.RequestAuthCache Auth cache not set in the context
29/12/2013 12:35:23 org.apache.http.client.protocol.RequestTargetAuthentication Target auth state: UNCHALLENGED
29/12/2013 12:35:23 org.apache.http.client.protocol.RequestProxyAuthentication Proxy auth state: UNCHALLENGED
29/12/2013 12:35:23 org.apache.http.impl.client.DefaultHttpClient Attempt 1 to execute request
29/12/2013 12:35:23 org.apache.http.impl.conn.DefaultClientConnection Sending request: GET /session/b31d4ab427a8e7b646ad6ee3b81fcc2d/element/0.8102839740458876-4/displayed HTTP/1.1
29/12/2013 12:35:23 org.apache.http.wire  >> "GET /session/b31d4ab427a8e7b646ad6ee3b81fcc2d/element/0.8102839740458876-4/displayed HTTP/1.1[\r][\n]"
29/12/2013 12:35:23 org.apache.http.wire  >> "Accept: application/json, image/png[\r][\n]"
29/12/2013 12:35:23 org.apache.http.wire  >> "Cache-Control: no-cache[\r][\n]"
29/12/2013 12:35:23 org.apache.http.wire  >> "Host: localhost:6629[\r][\n]"
29/12/2013 12:35:23 org.apache.http.wire  >> "Connection: Keep-Alive[\r][\n]"
29/12/2013 12:35:23 org.apache.http.wire  >> "[\r][\n]"
29/12/2013 12:35:23 org.apache.http.headers >> GET /session/b31d4ab427a8e7b646ad6ee3b81fcc2d/element/0.8102839740458876-4/displayed HTTP/1.1
29/12/2013 12:35:23 org.apache.http.headers >> Accept: application/json, image/png
29/12/2013 12:35:23 org.apache.http.headers >> Cache-Control: no-cache
29/12/2013 12:35:23 org.apache.http.headers >> Host: localhost:6629
29/12/2013 12:35:23 org.apache.http.headers >> Connection: Keep-Alive
29/12/2013 12:35:23 org.apache.http.wire  << "HTTP/1.1 200 OK[\r][\n]"
29/12/2013 12:35:23 org.apache.http.wire  << "Content-Length:73[\r][\n]"
29/12/2013 12:35:23 org.apache.http.wire  << "Content-Type:application/json; charset=utf-8[\r][\n]"
29/12/2013 12:35:23 org.apache.http.wire  << "Connection:close[\r][\n]"
29/12/2013 12:35:23 org.apache.http.wire  << "[\r][\n]"
29/12/2013 12:35:23 org.apache.http.impl.conn.DefaultClientConnection Receiving response: HTTP/1.1 200 OK
29/12/2013 12:35:23 org.apache.http.headers << HTTP/1.1 200 OK
29/12/2013 12:35:23 org.apache.http.headers << Content-Length:73
29/12/2013 12:35:23 org.apache.http.headers << Content-Type:application/json; charset=utf-8
29/12/2013 12:35:23 org.apache.http.headers << Connection:close
29/12/2013 12:35:23 org.apache.http.wire  << "{"sessionId":"b31d4ab427a8e7b646ad6ee3b81fcc2d","status":0,"value":false}"
29/12/2013 12:35:23 org.apache.http.impl.conn.DefaultClientConnection Connection 0.0.0.0:49199<->127.0.0.1:6629 shut down
29/12/2013 12:35:23 org.apache.http.impl.conn.tsccm.ThreadSafeClientConnManager Released connection is not reusable.
29/12/2013 12:35:23 org.apache.http.impl.conn.tsccm.ConnPoolByRoute Releasing connection [{}->http://localhost:6629][null]
29/12/2013 12:35:23 org.apache.http.impl.conn.DefaultClientConnection Connection 0.0.0.0:49199<->127.0.0.1:6629 closed
29/12/2013 12:35:23 org.apache.http.impl.conn.tsccm.ConnPoolByRoute Notifying no-one, there are no waiting threads
29/12/2013 12:35:23 org.apache.http.impl.conn.tsccm.ThreadSafeClientConnManager Get connection: {}->http://localhost:6629, timeout = 120000
29/12/2013 12:35:23 org.apache.http.impl.conn.tsccm.ConnPoolByRoute [{}->http://localhost:6629] total kept alive: 0, total issued: 0, total allocated: 0 out of 2000
29/12/2013 12:35:23 org.apache.http.impl.conn.tsccm.ConnPoolByRoute No free connections [{}->http://localhost:6629][null]
29/12/2013 12:35:23 org.apache.http.impl.conn.tsccm.ConnPoolByRoute Available capacity: 2000 out of 2000 [{}->http://localhost:6629][null]
29/12/2013 12:35:23 org.apache.http.impl.conn.tsccm.ConnPoolByRoute Creating new connection [{}->http://localhost:6629]
29/12/2013 12:35:23 org.apache.http.impl.conn.DefaultClientConnectionOperator Connecting to localhost:6629
29/12/2013 12:35:23 org.apache.http.client.protocol.RequestAddCookies CookieSpec selected: best-match
29/12/2013 12:35:23 org.apache.http.client.protocol.RequestAuthCache Auth cache not set in the context
29/12/2013 12:35:23 org.apache.http.client.protocol.RequestTargetAuthentication Target auth state: UNCHALLENGED
29/12/2013 12:35:23 org.apache.http.client.protocol.RequestProxyAuthentication Proxy auth state: UNCHALLENGED
29/12/2013 12:35:23 org.apache.http.impl.client.DefaultHttpClient Attempt 1 to execute request
29/12/2013 12:35:23 org.apache.http.impl.conn.DefaultClientConnection Sending request: POST /session/b31d4ab427a8e7b646ad6ee3b81fcc2d/element HTTP/1.1
29/12/2013 12:35:23 org.apache.http.wire  >> "POST /session/b31d4ab427a8e7b646ad6ee3b81fcc2d/element HTTP/1.1[\r][\n]"
29/12/2013 12:35:23 org.apache.http.wire  >> "Accept: application/json, image/png[\r][\n]"
29/12/2013 12:35:23 org.apache.http.wire  >> "Content-Type: application/json; charset=utf-8[\r][\n]"
29/12/2013 12:35:23 org.apache.http.wire  >> "Content-Length: 49[\r][\n]"
29/12/2013 12:35:23 org.apache.http.wire  >> "Host: localhost:6629[\r][\n]"
29/12/2013 12:35:23 org.apache.http.wire  >> "Connection: Keep-Alive[\r][\n]"
29/12/2013 12:35:23 org.apache.http.wire  >> "[\r][\n]"
29/12/2013 12:35:23 org.apache.http.headers >> POST /session/b31d4ab427a8e7b646ad6ee3b81fcc2d/element HTTP/1.1
29/12/2013 12:35:23 org.apache.http.headers >> Accept: application/json, image/png
29/12/2013 12:35:23 org.apache.http.headers >> Content-Type: application/json; charset=utf-8
29/12/2013 12:35:23 org.apache.http.headers >> Content-Length: 49
29/12/2013 12:35:23 org.apache.http.headers >> Host: localhost:6629
29/12/2013 12:35:23 org.apache.http.headers >> Connection: Keep-Alive
29/12/2013 12:35:23 org.apache.http.wire  >> "{"using":"xpath","value":"//div[4]/div/div/span"}"
29/12/2013 12:35:23 org.apache.http.wire  << "HTTP/1.1 200 OK[\r][\n]"
29/12/2013 12:35:23 org.apache.http.wire  << "Content-Length:102[\r][\n]"
29/12/2013 12:35:23 org.apache.http.wire  << "Content-Type:application/json; charset=utf-8[\r][\n]"
29/12/2013 12:35:23 org.apache.http.wire  << "Connection:close[\r][\n]"
29/12/2013 12:35:23 org.apache.http.wire  << "[\r][\n]"
29/12/2013 12:35:23 org.apache.http.impl.conn.DefaultClientConnection Receiving response: HTTP/1.1 200 OK
29/12/2013 12:35:23 org.apache.http.headers << HTTP/1.1 200 OK
29/12/2013 12:35:23 org.apache.http.headers << Content-Length:102
29/12/2013 12:35:23 org.apache.http.headers << Content-Type:application/json; charset=utf-8
29/12/2013 12:35:23 org.apache.http.headers << Connection:close
29/12/2013 12:35:23 org.apache.http.wire  << "{"sessionId":"b31d4ab427a8e7b646ad6ee3b81fcc2d","status":0,"value":{"ELEMENT":"0.8102839740458876-4"}}"
29/12/2013 12:35:23 org.apache.http.impl.conn.DefaultClientConnection Connection 0.0.0.0:49200<->127.0.0.1:6629 shut down
29/12/2013 12:35:23 org.apache.http.impl.conn.tsccm.ThreadSafeClientConnManager Released connection is not reusable.
29/12/2013 12:35:23 org.apache.http.impl.conn.tsccm.ConnPoolByRoute Releasing connection [{}->http://localhost:6629][null]
29/12/2013 12:35:23 org.apache.http.impl.conn.DefaultClientConnection Connection 0.0.0.0:49200<->127.0.0.1:6629 closed
29/12/2013 12:35:23 org.apache.http.impl.conn.tsccm.ConnPoolByRoute Notifying no-one, there are no waiting threads
29/12/2013 12:35:23 org.apache.http.impl.conn.tsccm.ThreadSafeClientConnManager Get connection: {}->http://localhost:6629, timeout = 120000
29/12/2013 12:35:23 org.apache.http.impl.conn.tsccm.ConnPoolByRoute [{}->http://localhost:6629] total kept alive: 0, total issued: 0, total allocated: 0 out of 2000
29/12/2013 12:35:23 org.apache.http.impl.conn.tsccm.ConnPoolByRoute No free connections [{}->http://localhost:6629][null]
29/12/2013 12:35:23 org.apache.http.impl.conn.tsccm.ConnPoolByRoute Available capacity: 2000 out of 2000 [{}->http://localhost:6629][null]
29/12/2013 12:35:23 org.apache.http.impl.conn.tsccm.ConnPoolByRoute Creating new connection [{}->http://localhost:6629]
29/12/2013 12:35:23 org.apache.http.impl.conn.DefaultClientConnectionOperator Connecting to localhost:6629
29/12/2013 12:35:23 org.apache.http.client.protocol.RequestAddCookies CookieSpec selected: best-match
29/12/2013 12:35:23 org.apache.http.client.protocol.RequestAuthCache Auth cache not set in the context
29/12/2013 12:35:23 org.apache.http.client.protocol.RequestTargetAuthentication Target auth state: UNCHALLENGED
29/12/2013 12:35:23 org.apache.http.client.protocol.RequestProxyAuthentication Proxy auth state: UNCHALLENGED
29/12/2013 12:35:23 org.apache.http.impl.client.DefaultHttpClient Attempt 1 to execute request
29/12/2013 12:35:23 org.apache.http.impl.conn.DefaultClientConnection Sending request: GET /session/b31d4ab427a8e7b646ad6ee3b81fcc2d/element/0.8102839740458876-4/displayed HTTP/1.1
29/12/2013 12:35:23 org.apache.http.wire  >> "GET /session/b31d4ab427a8e7b646ad6ee3b81fcc2d/element/0.8102839740458876-4/displayed HTTP/1.1[\r][\n]"
29/12/2013 12:35:23 org.apache.http.wire  >> "Accept: application/json, image/png[\r][\n]"
29/12/2013 12:35:23 org.apache.http.wire  >> "Cache-Control: no-cache[\r][\n]"
29/12/2013 12:35:23 org.apache.http.wire  >> "Host: localhost:6629[\r][\n]"
29/12/2013 12:35:23 org.apache.http.wire  >> "Connection: Keep-Alive[\r][\n]"
29/12/2013 12:35:23 org.apache.http.wire  >> "[\r][\n]"
29/12/2013 12:35:23 org.apache.http.headers >> GET /session/b31d4ab427a8e7b646ad6ee3b81fcc2d/element/0.8102839740458876-4/displayed HTTP/1.1
29/12/2013 12:35:23 org.apache.http.headers >> Accept: application/json, image/png
29/12/2013 12:35:23 org.apache.http.headers >> Cache-Control: no-cache
29/12/2013 12:35:23 org.apache.http.headers >> Host: localhost:6629
29/12/2013 12:35:23 org.apache.http.headers >> Connection: Keep-Alive
29/12/2013 12:35:23 org.apache.http.wire  << "HTTP/1.1 200 OK[\r][\n]"
29/12/2013 12:35:23 org.apache.http.wire  << "Content-Length:72[\r][\n]"
29/12/2013 12:35:23 org.apache.http.wire  << "Content-Type:application/json; charset=utf-8[\r][\n]"
29/12/2013 12:35:23 org.apache.http.wire  << "Connection:close[\r][\n]"
29/12/2013 12:35:23 org.apache.http.wire  << "[\r][\n]"
29/12/2013 12:35:23 org.apache.http.impl.conn.DefaultClientConnection Receiving response: HTTP/1.1 200 OK
29/12/2013 12:35:23 org.apache.http.headers << HTTP/1.1 200 OK
29/12/2013 12:35:23 org.apache.http.headers << Content-Length:72
29/12/2013 12:35:23 org.apache.http.headers << Content-Type:application/json; charset=utf-8
29/12/2013 12:35:23 org.apache.http.headers << Connection:close
29/12/2013 12:35:23 org.apache.http.wire  << "{"sessionId":"b31d4ab427a8e7b646ad6ee3b81fcc2d","status":0,"value":true}"
29/12/2013 12:35:23 org.apache.http.impl.conn.DefaultClientConnection Connection 0.0.0.0:49201<->127.0.0.1:6629 shut down
29/12/2013 12:35:23 org.apache.http.impl.conn.tsccm.ThreadSafeClientConnManager Released connection is not reusable.
29/12/2013 12:35:23 org.apache.http.impl.conn.tsccm.ConnPoolByRoute Releasing connection [{}->http://localhost:6629][null]
29/12/2013 12:35:23 org.apache.http.impl.conn.DefaultClientConnection Connection 0.0.0.0:49201<->127.0.0.1:6629 closed
29/12/2013 12:35:23 org.apache.http.impl.conn.tsccm.ConnPoolByRoute Notifying no-one, there are no waiting threads
29/12/2013 12:35:23 org.apache.http.impl.conn.tsccm.ThreadSafeClientConnManager Get connection: {}->http://localhost:6629, timeout = 120000
29/12/2013 12:35:23 org.apache.http.impl.conn.tsccm.ConnPoolByRoute [{}->http://localhost:6629] total kept alive: 0, total issued: 0, total allocated: 0 out of 2000
29/12/2013 12:35:23 org.apache.http.impl.conn.tsccm.ConnPoolByRoute No free connections [{}->http://localhost:6629][null]
29/12/2013 12:35:23 org.apache.http.impl.conn.tsccm.ConnPoolByRoute Available capacity: 2000 out of 2000 [{}->http://localhost:6629][null]
29/12/2013 12:35:23 org.apache.http.impl.conn.tsccm.ConnPoolByRoute Creating new connection [{}->http://localhost:6629]
29/12/2013 12:35:23 org.apache.http.impl.conn.DefaultClientConnectionOperator Connecting to localhost:6629
29/12/2013 12:35:23 org.apache.http.client.protocol.RequestAddCookies CookieSpec selected: best-match
29/12/2013 12:35:23 org.apache.http.client.protocol.RequestAuthCache Auth cache not set in the context
29/12/2013 12:35:23 org.apache.http.client.protocol.RequestTargetAuthentication Target auth state: UNCHALLENGED
29/12/2013 12:35:23 org.apache.http.client.protocol.RequestProxyAuthentication Proxy auth state: UNCHALLENGED
29/12/2013 12:35:23 org.apache.http.impl.client.DefaultHttpClient Attempt 1 to execute request
29/12/2013 12:35:23 org.apache.http.impl.conn.DefaultClientConnection Sending request: POST /session/b31d4ab427a8e7b646ad6ee3b81fcc2d/element HTTP/1.1
29/12/2013 12:35:23 org.apache.http.wire  >> "POST /session/b31d4ab427a8e7b646ad6ee3b81fcc2d/element HTTP/1.1[\r][\n]"
29/12/2013 12:35:23 org.apache.http.wire  >> "Accept: application/json, image/png[\r][\n]"
29/12/2013 12:35:23 org.apache.http.wire  >> "Content-Type: application/json; charset=utf-8[\r][\n]"
29/12/2013 12:35:23 org.apache.http.wire  >> "Content-Length: 49[\r][\n]"
29/12/2013 12:35:23 org.apache.http.wire  >> "Host: localhost:6629[\r][\n]"
29/12/2013 12:35:23 org.apache.http.wire  >> "Connection: Keep-Alive[\r][\n]"
29/12/2013 12:35:23 org.apache.http.wire  >> "[\r][\n]"
29/12/2013 12:35:23 org.apache.http.headers >> POST /session/b31d4ab427a8e7b646ad6ee3b81fcc2d/element HTTP/1.1
29/12/2013 12:35:23 org.apache.http.headers >> Accept: application/json, image/png
29/12/2013 12:35:23 org.apache.http.headers >> Content-Type: application/json; charset=utf-8
29/12/2013 12:35:23 org.apache.http.headers >> Content-Length: 49
29/12/2013 12:35:23 org.apache.http.headers >> Host: localhost:6629
29/12/2013 12:35:23 org.apache.http.headers >> Connection: Keep-Alive
29/12/2013 12:35:23 org.apache.http.wire  >> "{"using":"xpath","value":"//div[4]/div/div/span"}"
29/12/2013 12:35:23 org.apache.http.wire  << "HTTP/1.1 200 OK[\r][\n]"
29/12/2013 12:35:23 org.apache.http.wire  << "Content-Length:102[\r][\n]"
29/12/2013 12:35:23 org.apache.http.wire  << "Content-Type:application/json; charset=utf-8[\r][\n]"
29/12/2013 12:35:23 org.apache.http.wire  << "Connection:close[\r][\n]"
29/12/2013 12:35:23 org.apache.http.wire  << "[\r][\n]"
29/12/2013 12:35:23 org.apache.http.impl.conn.DefaultClientConnection Receiving response: HTTP/1.1 200 OK
29/12/2013 12:35:23 org.apache.http.headers << HTTP/1.1 200 OK
29/12/2013 12:35:23 org.apache.http.headers << Content-Length:102
29/12/2013 12:35:23 org.apache.http.headers << Content-Type:application/json; charset=utf-8
29/12/2013 12:35:23 org.apache.http.headers << Connection:close
29/12/2013 12:35:23 org.apache.http.wire  << "{"sessionId":"b31d4ab427a8e7b646ad6ee3b81fcc2d","status":0,"value":{"ELEMENT":"0.8102839740458876-4"}}"
29/12/2013 12:35:23 org.apache.http.impl.conn.DefaultClientConnection Connection 0.0.0.0:49202<->127.0.0.1:6629 shut down
29/12/2013 12:35:23 org.apache.http.impl.conn.tsccm.ThreadSafeClientConnManager Released connection is not reusable.
29/12/2013 12:35:23 org.apache.http.impl.conn.tsccm.ConnPoolByRoute Releasing connection [{}->http://localhost:6629][null]
29/12/2013 12:35:23 org.apache.http.impl.conn.DefaultClientConnection Connection 0.0.0.0:49202<->127.0.0.1:6629 closed
29/12/2013 12:35:23 org.apache.http.impl.conn.tsccm.ConnPoolByRoute Notifying no-one, there are no waiting threads
29/12/2013 12:35:23 org.apache.http.impl.conn.tsccm.ThreadSafeClientConnManager Get connection: {}->http://localhost:6629, timeout = 120000
29/12/2013 12:35:23 org.apache.http.impl.conn.tsccm.ConnPoolByRoute [{}->http://localhost:6629] total kept alive: 0, total issued: 0, total allocated: 0 out of 2000
29/12/2013 12:35:23 org.apache.http.impl.conn.tsccm.ConnPoolByRoute No free connections [{}->http://localhost:6629][null]
29/12/2013 12:35:23 org.apache.http.impl.conn.tsccm.ConnPoolByRoute Available capacity: 2000 out of 2000 [{}->http://localhost:6629][null]
29/12/2013 12:35:23 org.apache.http.impl.conn.tsccm.ConnPoolByRoute Creating new connection [{}->http://localhost:6629]
29/12/2013 12:35:23 org.apache.http.impl.conn.DefaultClientConnectionOperator Connecting to localhost:6629
29/12/2013 12:35:23 org.apache.http.client.protocol.RequestAddCookies CookieSpec selected: best-match
29/12/2013 12:35:23 org.apache.http.client.protocol.RequestAuthCache Auth cache not set in the context
29/12/2013 12:35:23 org.apache.http.client.protocol.RequestTargetAuthentication Target auth state: UNCHALLENGED
29/12/2013 12:35:23 org.apache.http.client.protocol.RequestProxyAuthentication Proxy auth state: UNCHALLENGED
29/12/2013 12:35:23 org.apache.http.impl.client.DefaultHttpClient Attempt 1 to execute request
29/12/2013 12:35:23 org.apache.http.impl.conn.DefaultClientConnection Sending request: GET /session/b31d4ab427a8e7b646ad6ee3b81fcc2d/element/0.8102839740458876-4/text HTTP/1.1
29/12/2013 12:35:23 org.apache.http.wire  >> "GET /session/b31d4ab427a8e7b646ad6ee3b81fcc2d/element/0.8102839740458876-4/text HTTP/1.1[\r][\n]"
29/12/2013 12:35:23 org.apache.http.wire  >> "Accept: application/json, image/png[\r][\n]"
29/12/2013 12:35:23 org.apache.http.wire  >> "Cache-Control: no-cache[\r][\n]"
29/12/2013 12:35:23 org.apache.http.wire  >> "Host: localhost:6629[\r][\n]"
29/12/2013 12:35:23 org.apache.http.wire  >> "Connection: Keep-Alive[\r][\n]"
29/12/2013 12:35:23 org.apache.http.wire  >> "[\r][\n]"
29/12/2013 12:35:23 org.apache.http.headers >> GET /session/b31d4ab427a8e7b646ad6ee3b81fcc2d/element/0.8102839740458876-4/text HTTP/1.1
29/12/2013 12:35:23 org.apache.http.headers >> Accept: application/json, image/png
29/12/2013 12:35:23 org.apache.http.headers >> Cache-Control: no-cache
29/12/2013 12:35:23 org.apache.http.headers >> Host: localhost:6629
29/12/2013 12:35:23 org.apache.http.headers >> Connection: Keep-Alive
29/12/2013 12:35:23 org.apache.http.wire  << "HTTP/1.1 200 OK[\r][\n]"
29/12/2013 12:35:23 org.apache.http.wire  << "Content-Length:124[\r][\n]"
29/12/2013 12:35:23 org.apache.http.wire  << "Content-Type:application/json; charset=utf-8[\r][\n]"
29/12/2013 12:35:23 org.apache.http.wire  << "Connection:close[\r][\n]"
29/12/2013 12:35:23 org.apache.http.wire  << "[\r][\n]"
29/12/2013 12:35:23 org.apache.http.impl.conn.DefaultClientConnection Receiving response: HTTP/1.1 200 OK
29/12/2013 12:35:23 org.apache.http.headers << HTTP/1.1 200 OK
29/12/2013 12:35:23 org.apache.http.headers << Content-Length:124
29/12/2013 12:35:23 org.apache.http.headers << Content-Type:application/json; charset=utf-8
29/12/2013 12:35:23 org.apache.http.headers << Connection:close
29/12/2013 12:35:23 org.apache.http.wire  << "{"sessionId":"b31d4ab427a8e7b646ad6ee3b81fcc2d","status":0,"value":"Success The webhooks have been updated for this model!"}"
29/12/2013 12:35:23 org.apache.http.impl.conn.DefaultClientConnection Connection 0.0.0.0:49203<->127.0.0.1:6629 shut down
29/12/2013 12:35:23 org.apache.http.impl.conn.tsccm.ThreadSafeClientConnManager Released connection is not reusable.
29/12/2013 12:35:23 org.apache.http.impl.conn.tsccm.ConnPoolByRoute Releasing connection [{}->http://localhost:6629][null]
29/12/2013 12:35:23 org.apache.http.impl.conn.DefaultClientConnection Connection 0.0.0.0:49203<->127.0.0.1:6629 closed
29/12/2013 12:35:23 org.apache.http.impl.conn.tsccm.ConnPoolByRoute Notifying no-one, there are no waiting threads
29/12/2013 12:35:23 Logger DEBUG: action result: Success The webhooks have been updated for this model!
29/12/2013 12:35:23 org.apache.http.impl.conn.tsccm.ThreadSafeClientConnManager Get connection: {}->http://localhost:6629, timeout = 120000
29/12/2013 12:35:23 org.apache.http.impl.conn.tsccm.ConnPoolByRoute [{}->http://localhost:6629] total kept alive: 0, total issued: 0, total allocated: 0 out of 2000
29/12/2013 12:35:23 org.apache.http.impl.conn.tsccm.ConnPoolByRoute No free connections [{}->http://localhost:6629][null]
29/12/2013 12:35:23 org.apache.http.impl.conn.tsccm.ConnPoolByRoute Available capacity: 2000 out of 2000 [{}->http://localhost:6629][null]
29/12/2013 12:35:23 org.apache.http.impl.conn.tsccm.ConnPoolByRoute Creating new connection [{}->http://localhost:6629]
29/12/2013 12:35:23 org.apache.http.impl.conn.DefaultClientConnectionOperator Connecting to localhost:6629
29/12/2013 12:35:23 org.apache.http.client.protocol.RequestAddCookies CookieSpec selected: best-match
29/12/2013 12:35:23 org.apache.http.client.protocol.RequestAuthCache Auth cache not set in the context
29/12/2013 12:35:23 org.apache.http.client.protocol.RequestTargetAuthentication Target auth state: UNCHALLENGED
29/12/2013 12:35:23 org.apache.http.client.protocol.RequestProxyAuthentication Proxy auth state: UNCHALLENGED
29/12/2013 12:35:23 org.apache.http.impl.client.DefaultHttpClient Attempt 1 to execute request
29/12/2013 12:35:23 org.apache.http.impl.conn.DefaultClientConnection Sending request: POST /session/b31d4ab427a8e7b646ad6ee3b81fcc2d/timeouts/implicit_wait HTTP/1.1
29/12/2013 12:35:23 org.apache.http.wire  >> "POST /session/b31d4ab427a8e7b646ad6ee3b81fcc2d/timeouts/implicit_wait HTTP/1.1[\r][\n]"
29/12/2013 12:35:23 org.apache.http.wire  >> "Accept: application/json, image/png[\r][\n]"
29/12/2013 12:35:23 org.apache.http.wire  >> "Content-Type: application/json; charset=utf-8[\r][\n]"
29/12/2013 12:35:23 org.apache.http.wire  >> "Content-Length: 11[\r][\n]"
29/12/2013 12:35:23 org.apache.http.wire  >> "Host: localhost:6629[\r][\n]"
29/12/2013 12:35:23 org.apache.http.wire  >> "Connection: Keep-Alive[\r][\n]"
29/12/2013 12:35:23 org.apache.http.wire  >> "[\r][\n]"
29/12/2013 12:35:23 org.apache.http.headers >> POST /session/b31d4ab427a8e7b646ad6ee3b81fcc2d/timeouts/implicit_wait HTTP/1.1
29/12/2013 12:35:23 org.apache.http.headers >> Accept: application/json, image/png
29/12/2013 12:35:23 org.apache.http.headers >> Content-Type: application/json; charset=utf-8
29/12/2013 12:35:23 org.apache.http.headers >> Content-Length: 11
29/12/2013 12:35:23 org.apache.http.headers >> Host: localhost:6629
29/12/2013 12:35:23 org.apache.http.headers >> Connection: Keep-Alive
29/12/2013 12:35:23 org.apache.http.wire  >> "{"ms":1000}"
29/12/2013 12:35:23 org.apache.http.wire  << "HTTP/1.1 200 OK[\r][\n]"
29/12/2013 12:35:23 org.apache.http.wire  << "Content-Length:72[\r][\n]"
29/12/2013 12:35:23 org.apache.http.wire  << "Content-Type:application/json; charset=utf-8[\r][\n]"
29/12/2013 12:35:23 org.apache.http.wire  << "Connection:close[\r][\n]"
29/12/2013 12:35:23 org.apache.http.wire  << "[\r][\n]"
29/12/2013 12:35:23 org.apache.http.impl.conn.DefaultClientConnection Receiving response: HTTP/1.1 200 OK
29/12/2013 12:35:23 org.apache.http.headers << HTTP/1.1 200 OK
29/12/2013 12:35:23 org.apache.http.headers << Content-Length:72
29/12/2013 12:35:23 org.apache.http.headers << Content-Type:application/json; charset=utf-8
29/12/2013 12:35:23 org.apache.http.headers << Connection:close
29/12/2013 12:35:23 org.apache.http.wire  << "{"sessionId":"b31d4ab427a8e7b646ad6ee3b81fcc2d","status":0,"value":null}"
29/12/2013 12:35:23 org.apache.http.impl.conn.DefaultClientConnection Connection 0.0.0.0:49204<->127.0.0.1:6629 shut down
29/12/2013 12:35:23 org.apache.http.impl.conn.tsccm.ThreadSafeClientConnManager Released connection is not reusable.
29/12/2013 12:35:23 org.apache.http.impl.conn.tsccm.ConnPoolByRoute Releasing connection [{}->http://localhost:6629][null]
29/12/2013 12:35:23 org.apache.http.impl.conn.DefaultClientConnection Connection 0.0.0.0:49204<->127.0.0.1:6629 closed
29/12/2013 12:35:23 org.apache.http.impl.conn.tsccm.ConnPoolByRoute Notifying no-one, there are no waiting threads
29/12/2013 12:35:23 org.apache.http.impl.conn.tsccm.ThreadSafeClientConnManager Get connection: {}->http://localhost:6629, timeout = 120000
29/12/2013 12:35:23 org.apache.http.impl.conn.tsccm.ConnPoolByRoute [{}->http://localhost:6629] total kept alive: 0, total issued: 0, total allocated: 0 out of 2000
29/12/2013 12:35:23 org.apache.http.impl.conn.tsccm.ConnPoolByRoute No free connections [{}->http://localhost:6629][null]
29/12/2013 12:35:23 org.apache.http.impl.conn.tsccm.ConnPoolByRoute Available capacity: 2000 out of 2000 [{}->http://localhost:6629][null]
29/12/2013 12:35:23 org.apache.http.impl.conn.tsccm.ConnPoolByRoute Creating new connection [{}->http://localhost:6629]
29/12/2013 12:35:23 org.apache.http.impl.conn.DefaultClientConnectionOperator Connecting to localhost:6629
29/12/2013 12:35:23 org.apache.http.client.protocol.RequestAddCookies CookieSpec selected: best-match
29/12/2013 12:35:23 org.apache.http.client.protocol.RequestAuthCache Auth cache not set in the context
29/12/2013 12:35:23 org.apache.http.client.protocol.RequestTargetAuthentication Target auth state: UNCHALLENGED
29/12/2013 12:35:23 org.apache.http.client.protocol.RequestProxyAuthentication Proxy auth state: UNCHALLENGED
29/12/2013 12:35:23 org.apache.http.impl.client.DefaultHttpClient Attempt 1 to execute request
29/12/2013 12:35:23 org.apache.http.impl.conn.DefaultClientConnection Sending request: POST /session/b31d4ab427a8e7b646ad6ee3b81fcc2d/elements HTTP/1.1
29/12/2013 12:35:23 org.apache.http.wire  >> "POST /session/b31d4ab427a8e7b646ad6ee3b81fcc2d/elements HTTP/1.1[\r][\n]"
29/12/2013 12:35:23 org.apache.http.wire  >> "Accept: application/json, image/png[\r][\n]"
29/12/2013 12:35:23 org.apache.http.wire  >> "Content-Type: application/json; charset=utf-8[\r][\n]"
29/12/2013 12:35:23 org.apache.http.wire  >> "Content-Length: 75[\r][\n]"
29/12/2013 12:35:23 org.apache.http.wire  >> "Host: localhost:6629[\r][\n]"
29/12/2013 12:35:23 org.apache.http.wire  >> "Connection: Keep-Alive[\r][\n]"
29/12/2013 12:35:23 org.apache.http.wire  >> "[\r][\n]"
29/12/2013 12:35:23 org.apache.http.headers >> POST /session/b31d4ab427a8e7b646ad6ee3b81fcc2d/elements HTTP/1.1
29/12/2013 12:35:23 org.apache.http.headers >> Accept: application/json, image/png
29/12/2013 12:35:23 org.apache.http.headers >> Content-Type: application/json; charset=utf-8
29/12/2013 12:35:23 org.apache.http.headers >> Content-Length: 75
29/12/2013 12:35:23 org.apache.http.headers >> Host: localhost:6629
29/12/2013 12:35:23 org.apache.http.headers >> Connection: Keep-Alive
29/12/2013 12:35:23 org.apache.http.wire  >> "{"using":"xpath","value":"//table[@id='factory-imps-info-table']/tbody/tr"}"
29/12/2013 12:35:23 org.apache.http.wire  << "HTTP/1.1 200 OK[\r][\n]"
29/12/2013 12:35:23 org.apache.http.wire  << "Content-Length:104[\r][\n]"
29/12/2013 12:35:23 org.apache.http.wire  << "Content-Type:application/json; charset=utf-8[\r][\n]"
29/12/2013 12:35:23 org.apache.http.wire  << "Connection:close[\r][\n]"
29/12/2013 12:35:23 org.apache.http.wire  << "[\r][\n]"
29/12/2013 12:35:23 org.apache.http.impl.conn.DefaultClientConnection Receiving response: HTTP/1.1 200 OK
29/12/2013 12:35:23 org.apache.http.headers << HTTP/1.1 200 OK
29/12/2013 12:35:23 org.apache.http.headers << Content-Length:104
29/12/2013 12:35:23 org.apache.http.headers << Content-Type:application/json; charset=utf-8
29/12/2013 12:35:23 org.apache.http.headers << Connection:close
29/12/2013 12:35:23 org.apache.http.wire  << "{"sessionId":"b31d4ab427a8e7b646ad6ee3b81fcc2d","status":0,"value":[{"ELEMENT":"0.8102839740458876-5"}]}"
29/12/2013 12:35:23 org.apache.http.impl.conn.DefaultClientConnection Connection 0.0.0.0:49205<->127.0.0.1:6629 shut down
29/12/2013 12:35:23 org.apache.http.impl.conn.tsccm.ThreadSafeClientConnManager Released connection is not reusable.
29/12/2013 12:35:23 org.apache.http.impl.conn.tsccm.ConnPoolByRoute Releasing connection [{}->http://localhost:6629][null]
29/12/2013 12:35:23 org.apache.http.impl.conn.DefaultClientConnection Connection 0.0.0.0:49205<->127.0.0.1:6629 closed
29/12/2013 12:35:23 org.apache.http.impl.conn.tsccm.ConnPoolByRoute Notifying no-one, there are no waiting threads
29/12/2013 12:35:23 Logger DEBUG: got number of elements: 1
29/12/2013 12:35:23 org.apache.http.impl.conn.tsccm.ThreadSafeClientConnManager Get connection: {}->http://localhost:6629, timeout = 120000
29/12/2013 12:35:23 org.apache.http.impl.conn.tsccm.ConnPoolByRoute [{}->http://localhost:6629] total kept alive: 0, total issued: 0, total allocated: 0 out of 2000
29/12/2013 12:35:23 org.apache.http.impl.conn.tsccm.ConnPoolByRoute No free connections [{}->http://localhost:6629][null]
29/12/2013 12:35:23 org.apache.http.impl.conn.tsccm.ConnPoolByRoute Available capacity: 2000 out of 2000 [{}->http://localhost:6629][null]
29/12/2013 12:35:23 org.apache.http.impl.conn.tsccm.ConnPoolByRoute Creating new connection [{}->http://localhost:6629]
29/12/2013 12:35:23 org.apache.http.impl.conn.DefaultClientConnectionOperator Connecting to localhost:6629
29/12/2013 12:35:23 org.apache.http.client.protocol.RequestAddCookies CookieSpec selected: best-match
29/12/2013 12:35:23 org.apache.http.client.protocol.RequestAuthCache Auth cache not set in the context
29/12/2013 12:35:23 org.apache.http.client.protocol.RequestTargetAuthentication Target auth state: UNCHALLENGED
29/12/2013 12:35:23 org.apache.http.client.protocol.RequestProxyAuthentication Proxy auth state: UNCHALLENGED
29/12/2013 12:35:23 org.apache.http.impl.client.DefaultHttpClient Attempt 1 to execute request
29/12/2013 12:35:23 org.apache.http.impl.conn.DefaultClientConnection Sending request: POST /session/b31d4ab427a8e7b646ad6ee3b81fcc2d/timeouts/implicit_wait HTTP/1.1
29/12/2013 12:35:23 org.apache.http.wire  >> "POST /session/b31d4ab427a8e7b646ad6ee3b81fcc2d/timeouts/implicit_wait HTTP/1.1[\r][\n]"
29/12/2013 12:35:23 org.apache.http.wire  >> "Accept: application/json, image/png[\r][\n]"
29/12/2013 12:35:23 org.apache.http.wire  >> "Content-Type: application/json; charset=utf-8[\r][\n]"
29/12/2013 12:35:23 org.apache.http.wire  >> "Content-Length: 12[\r][\n]"
29/12/2013 12:35:23 org.apache.http.wire  >> "Host: localhost:6629[\r][\n]"
29/12/2013 12:35:23 org.apache.http.wire  >> "Connection: Keep-Alive[\r][\n]"
29/12/2013 12:35:23 org.apache.http.wire  >> "[\r][\n]"
29/12/2013 12:35:23 org.apache.http.headers >> POST /session/b31d4ab427a8e7b646ad6ee3b81fcc2d/timeouts/implicit_wait HTTP/1.1
29/12/2013 12:35:23 org.apache.http.headers >> Accept: application/json, image/png
29/12/2013 12:35:23 org.apache.http.headers >> Content-Type: application/json; charset=utf-8
29/12/2013 12:35:23 org.apache.http.headers >> Content-Length: 12
29/12/2013 12:35:23 org.apache.http.headers >> Host: localhost:6629
29/12/2013 12:35:23 org.apache.http.headers >> Connection: Keep-Alive
29/12/2013 12:35:23 org.apache.http.wire  >> "{"ms":30000}"
29/12/2013 12:35:23 org.apache.http.wire  << "HTTP/1.1 200 OK[\r][\n]"
29/12/2013 12:35:23 org.apache.http.wire  << "Content-Length:72[\r][\n]"
29/12/2013 12:35:23 org.apache.http.wire  << "Content-Type:application/json; charset=utf-8[\r][\n]"
29/12/2013 12:35:23 org.apache.http.wire  << "Connection:close[\r][\n]"
29/12/2013 12:35:23 org.apache.http.wire  << "[\r][\n]"
29/12/2013 12:35:23 org.apache.http.impl.conn.DefaultClientConnection Receiving response: HTTP/1.1 200 OK
29/12/2013 12:35:23 org.apache.http.headers << HTTP/1.1 200 OK
29/12/2013 12:35:23 org.apache.http.headers << Content-Length:72
29/12/2013 12:35:23 org.apache.http.headers << Content-Type:application/json; charset=utf-8
29/12/2013 12:35:23 org.apache.http.headers << Connection:close
29/12/2013 12:35:23 org.apache.http.wire  << "{"sessionId":"b31d4ab427a8e7b646ad6ee3b81fcc2d","status":0,"value":null}"
29/12/2013 12:35:23 org.apache.http.impl.conn.DefaultClientConnection Connection 0.0.0.0:49206<->127.0.0.1:6629 shut down
29/12/2013 12:35:23 org.apache.http.impl.conn.tsccm.ThreadSafeClientConnManager Released connection is not reusable.
29/12/2013 12:35:23 org.apache.http.impl.conn.tsccm.ConnPoolByRoute Releasing connection [{}->http://localhost:6629][null]
29/12/2013 12:35:23 org.apache.http.impl.conn.DefaultClientConnection Connection 0.0.0.0:49206<->127.0.0.1:6629 closed
29/12/2013 12:35:23 org.apache.http.impl.conn.tsccm.ConnPoolByRoute Notifying no-one, there are no waiting threads
]]></system-out>
  </testcase>
  <testcase name="opsDeployTest" classname="testSuiteA.IdeTest" time="18.772"/>
  <testcase name="rmBondTest" classname="testSuiteA.IdeTest" time="12.414"/>
  <testcase name="rmWebhookTest" classname="testSuiteA.IdeTest" time="8.512"/>
  <testcase name="searchTest" classname="testSuiteA.IdeTest" time="34.489"/>
  <testcase name="sidebarTest" classname="testSuiteA.IdeTest" time="28.895"/>
  <testcase name="agentEndponitTest" classname="testSuiteA.restApiTest" time="0.152"/>
</testsuite>