<?xml version="1.0" encoding="UTF-8"?>
<testng-results skipped="0" failed="0" total="1" passed="1">
  <reporter-output>
  </reporter-output>
  <suite name="SeleniumMaven1.example.test.GoogleSearchTest" duration-ms="10537" started-at="2013-11-18T14:39:33Z" finished-at="2013-11-18T14:39:43Z">
    <groups>
    </groups>
    <test name="Command line test" duration-ms="10537" started-at="2013-11-18T14:39:33Z" finished-at="2013-11-18T14:39:43Z">
      <class name="SeleniumMaven1.example.test.GoogleSearchTest">
        <test-method status="PASS" signature="setUp()" name="setUp" is-config="true" duration-ms="9393" started-at="2013-11-18T14:39:33Z" finished-at="2013-11-18T14:39:42Z">
        </test-method>
        <test-method status="PASS" signature="testGoogleSearch()" name="testGoogleSearch" duration-ms="1052" started-at="2013-11-18T14:39:42Z" finished-at="2013-11-18T14:39:43Z">
        </test-method>
        <test-method status="PASS" signature="tearDown()" name="tearDown" is-config="true" duration-ms="84" started-at="2013-11-18T14:39:43Z" finished-at="2013-11-18T14:39:43Z">
        </test-method>
      </class>
    </test>
  </suite>
</testng-results>
