<?xml version="1.0" encoding="UTF-8"?>
<testng-results skipped="0" failed="0" total="13" passed="13">
  <reporter-output>
  </reporter-output>
  <suite name="testSuiteA" duration-ms="225548" started-at="2014-01-08T14:55:14Z" finished-at="2014-01-08T14:58:59Z">
    <groups>
    </groups>
    <test name="TestA1" duration-ms="225548" started-at="2014-01-08T14:55:14Z" finished-at="2014-01-08T14:58:59Z">
      <class name="testSuiteA.IdeTest">
        <test-method status="PASS" signature="beforeTest()" name="beforeTest" is-config="true" duration-ms="2063" started-at="2014-01-08T14:55:14Z" finished-at="2014-01-08T14:55:16Z">
        </test-method>
        <test-method status="PASS" signature="beforeTest()" name="beforeTest" is-config="true" duration-ms="0" started-at="2014-01-08T14:55:16Z" finished-at="2014-01-08T14:55:16Z">
        </test-method>
        <test-method status="PASS" signature="loginTest()" name="loginTest" duration-ms="8284" started-at="2014-01-08T14:55:16Z" finished-at="2014-01-08T14:55:24Z">
        </test-method>
        <test-method status="PASS" signature="addFImpTest()" name="addFImpTest" duration-ms="11977" started-at="2014-01-08T14:55:24Z" depends-on-methods="testSuiteA.IdeTest.loginTest" finished-at="2014-01-08T14:55:36Z">
        </test-method>
        <test-method status="PASS" signature="addWebhookTest()" name="addWebhookTest" duration-ms="15971" started-at="2014-01-08T14:55:36Z" depends-on-methods="testSuiteA.IdeTest.loginTest" finished-at="2014-01-08T14:55:52Z">
        </test-method>
        <test-method status="PASS" signature="assignDevTest()" name="assignDevTest" duration-ms="13257" started-at="2014-01-08T14:55:52Z" depends-on-methods="testSuiteA.IdeTest.loginTest" finished-at="2014-01-08T14:56:05Z">
        </test-method>
        <test-method status="PASS" signature="changeFWTest()" name="changeFWTest" duration-ms="20118" started-at="2014-01-08T14:56:05Z" depends-on-methods="testSuiteA.IdeTest.loginTest" finished-at="2014-01-08T14:56:25Z">
        </test-method>
        <test-method status="PASS" signature="deleteDevTest()" name="deleteDevTest" duration-ms="12245" started-at="2014-01-08T14:56:25Z" depends-on-methods="testSuiteA.IdeTest.loginTest" finished-at="2014-01-08T14:56:37Z">
        </test-method>
        <test-method status="PASS" signature="deleteFImpTest()" name="deleteFImpTest" duration-ms="14333" started-at="2014-01-08T14:56:37Z" depends-on-methods="testSuiteA.IdeTest.loginTest" finished-at="2014-01-08T14:56:52Z">
        </test-method>
        <test-method status="PASS" signature="opsDeployTest()" name="opsDeployTest" duration-ms="22762" started-at="2014-01-08T14:56:52Z" depends-on-methods="testSuiteA.IdeTest.loginTest" finished-at="2014-01-08T14:57:15Z">
        </test-method>
        <test-method status="PASS" signature="rmBondTest()" name="rmBondTest" duration-ms="13698" started-at="2014-01-08T14:57:15Z" depends-on-methods="testSuiteA.IdeTest.loginTest" finished-at="2014-01-08T14:57:28Z">
        </test-method>
        <test-method status="PASS" signature="rmWebhookTest()" name="rmWebhookTest" duration-ms="17484" started-at="2014-01-08T14:57:28Z" depends-on-methods="testSuiteA.IdeTest.loginTest" finished-at="2014-01-08T14:57:46Z">
        </test-method>
        <test-method status="PASS" signature="searchTest()" name="searchTest" duration-ms="38785" started-at="2014-01-08T14:57:46Z" depends-on-methods="testSuiteA.IdeTest.loginTest" finished-at="2014-01-08T14:58:25Z">
        </test-method>
        <test-method status="PASS" signature="sidebarTest()" name="sidebarTest" duration-ms="30326" started-at="2014-01-08T14:58:25Z" depends-on-methods="testSuiteA.IdeTest.loginTest" finished-at="2014-01-08T14:58:55Z">
        </test-method>
        <test-method status="PASS" signature="end()" name="end" is-config="true" duration-ms="4018" started-at="2014-01-08T14:58:55Z" finished-at="2014-01-08T14:58:59Z">
        </test-method>
        <test-method status="PASS" signature="quit()" name="quit" is-config="true" duration-ms="565" started-at="2014-01-08T14:58:59Z" finished-at="2014-01-08T14:59:00Z">
        </test-method>
      </class>
      <class name="testSuiteA.restApiTest">
        <test-method status="PASS" signature="agentEndponitTest()" name="agentEndponitTest" duration-ms="189" started-at="2014-01-08T14:58:59Z" finished-at="2014-01-08T14:58:59Z">
        </test-method>
        <test-method status="PASS" signature="close()" name="close" is-config="true" duration-ms="0" started-at="2014-01-08T14:58:59Z" finished-at="2014-01-08T14:58:59Z">
        </test-method>
      </class>
    </test>
  </suite>
  <suite name="My suite" duration-ms="0" started-at="2014-01-08T14:59:00Z" finished-at="2014-01-08T14:59:00Z">
    <groups>
    </groups>
  </suite>
</testng-results>
