<?xml version="1.0" encoding="UTF-8"?>
<testsuite hostname="Joes-MacBook-Pro.local" name="testSuiteA.IdeTest" tests="13" failures="0" timestamp="8 Jan 2014 22:58:59 GMT" time="225.548" errors="0">
  <testcase name="loginTest" time="8.284" classname="testSuiteA.IdeTest"/>
  <testcase name="addFImpTest" time="11.977" classname="testSuiteA.IdeTest"/>
  <testcase name="addWebhookTest" time="15.971" classname="testSuiteA.IdeTest"/>
  <testcase name="assignDevTest" time="13.257" classname="testSuiteA.IdeTest"/>
  <testcase name="changeFWTest" time="20.118" classname="testSuiteA.IdeTest"/>
  <testcase name="deleteDevTest" time="12.245" classname="testSuiteA.IdeTest"/>
  <testcase name="deleteFImpTest" time="14.333" classname="testSuiteA.IdeTest"/>
  <testcase name="opsDeployTest" time="22.762" classname="testSuiteA.IdeTest"/>
  <testcase name="rmBondTest" time="13.698" classname="testSuiteA.IdeTest"/>
  <testcase name="rmWebhookTest" time="17.484" classname="testSuiteA.IdeTest"/>
  <testcase name="searchTest" time="38.785" classname="testSuiteA.IdeTest"/>
  <testcase name="sidebarTest" time="30.326" classname="testSuiteA.IdeTest"/>
  <testcase name="agentEndponitTest" time="0.189" classname="testSuiteA.restApiTest"/>
</testsuite>
