<?xml version="1.0" encoding="UTF-8"?>
<testsuite hostname="Joes-MacBook-Pro.local" name="testSuiteA.IdeTest" tests="15" failures="0" timestamp="27 Jan 2014 22:35:14 GMT" time="283.792" errors="0">
  <testcase name="loginTest" time="6.678" classname="testSuiteA.IdeTest"/>
  <testcase name="addFImpTest" time="14.821" classname="testSuiteA.IdeTest"/>
  <testcase name="addWebhookTest" time="14.037" classname="testSuiteA.IdeTest"/>
  <testcase name="assignDevTest" time="13.436" classname="testSuiteA.IdeTest"/>
  <testcase name="changeFWTest" time="26.453" classname="testSuiteA.IdeTest"/>
  <testcase name="checkDevTagTest" time="16.221" classname="testSuiteA.IdeTest"/>
  <testcase name="deleteDevTest" time="14.677" classname="testSuiteA.IdeTest"/>
  <testcase name="deleteFImpTest" time="14.917" classname="testSuiteA.IdeTest"/>
  <testcase name="opsDeployTest" time="25.21" classname="testSuiteA.IdeTest"/>
  <testcase name="rmBondTest" time="14.162" classname="testSuiteA.IdeTest"/>
  <testcase name="rmWebhookTest" time="13.222" classname="testSuiteA.IdeTest"/>
  <testcase name="searchTest" time="26.246" classname="testSuiteA.IdeTest"/>
  <testcase name="updateActiveModTest" time="47.482" classname="testSuiteA.IdeTest"/>
  <testcase name="updateOtherModTest" time="29.532" classname="testSuiteA.IdeTest"/>
  <testcase name="agentEndponitTest" time="0.391" classname="testSuiteA.restApiTest"/>
</testsuite>
